[2021-12-17 03:13:28] local.ERROR: Undefined variable: all_usefull_links (View: /Users/ktmsulaim/Sites/storksolutions/@core/resources/views/frontend/partials/footer.blade.php) {"exception":"[object] (Facade\\Ignition\\Exceptions\\ViewException(code: 0): Undefined variable: all_usefull_links (View: /Users/ktmsulaim/Sites/storksolutions/@core/resources/views/frontend/partials/footer.blade.php) at /Users/ktmsulaim/Sites/storksolutions/@core/resources/views/frontend/partials/footer.blade.php:40)
[stacktrace]
#0 /Users/ktmsulaim/Sites/storksolutions/@core/resources/views/frontend/partials/footer.blade.php(40): Illuminate\\Foundation\\Bootstrap\\HandleExceptions->handleError(8, 'Undefined varia...', '/Users/ktmsulai...', 40, Array)
#1 /Users/ktmsulaim/Sites/storksolutions/@core/vendor/laravel/framework/src/Illuminate/View/Engines/PhpEngine.php(43): include('/Users/ktmsulai...')
#2 /Users/ktmsulaim/Sites/storksolutions/@core/vendor/laravel/framework/src/Illuminate/View/Engines/CompilerEngine.php(59): Illuminate\\View\\Engines\\PhpEngine->evaluatePath('/Users/ktmsulai...', Array)
#3 /Users/ktmsulaim/Sites/storksolutions/@core/vendor/facade/ignition/src/Views/Engines/CompilerEngine.php(36): Illuminate\\View\\Engines\\CompilerEngine->get('/Users/ktmsulai...', Array)
#4 /Users/ktmsulaim/Sites/storksolutions/@core/vendor/laravel/framework/src/Illuminate/View/View.php(143): Facade\\Ignition\\Views\\Engines\\CompilerEngine->get('/Users/ktmsulai...', Array)
#5 /Users/ktmsulaim/Sites/storksolutions/@core/vendor/laravel/framework/src/Illuminate/View/View.php(126): Illuminate\\View\\View->getContents()
#6 /Users/ktmsulaim/Sites/storksolutions/@core/vendor/laravel/framework/src/Illuminate/View/View.php(91): Illuminate\\View\\View->renderContents()
#7 /Users/ktmsulaim/Sites/storksolutions/@core/resources/views/frontend/frontend-page-master.blade.php(26): Illuminate\\View\\View->render()
#8 /Users/ktmsulaim/Sites/storksolutions/@core/vendor/laravel/framework/src/Illuminate/View/Engines/PhpEngine.php(43): include('/Users/ktmsulai...')
#9 /Users/ktmsulaim/Sites/storksolutions/@core/vendor/laravel/framework/src/Illuminate/View/Engines/CompilerEngine.php(59): Illuminate\\View\\Engines\\PhpEngine->evaluatePath('/Users/ktmsulai...', Array)
#10 /Users/ktmsulaim/Sites/storksolutions/@core/vendor/facade/ignition/src/Views/Engines/CompilerEngine.php(36): Illuminate\\View\\Engines\\CompilerEngine->get('/Users/ktmsulai...', Array)
#11 /Users/ktmsulaim/Sites/storksolutions/@core/vendor/laravel/framework/src/Illuminate/View/View.php(143): Facade\\Ignition\\Views\\Engines\\CompilerEngine->get('/Users/ktmsulai...', Array)
#12 /Users/ktmsulaim/Sites/storksolutions/@core/vendor/laravel/framework/src/Illuminate/View/View.php(126): Illuminate\\View\\View->getContents()
#13 /Users/ktmsulaim/Sites/storksolutions/@core/vendor/laravel/framework/src/Illuminate/View/View.php(91): Illuminate\\View\\View->renderContents()
#14 /Users/ktmsulaim/Sites/storksolutions/@core/resources/views/frontend/pages/404.blade.php(24): Illuminate\\View\\View->render()
#15 /Users/ktmsulaim/Sites/storksolutions/@core/vendor/laravel/framework/src/Illuminate/View/Engines/PhpEngine.php(43): include('/Users/ktmsulai...')
#16 /Users/ktmsulaim/Sites/storksolutions/@core/vendor/laravel/framework/src/Illuminate/View/Engines/CompilerEngine.php(59): Illuminate\\View\\Engines\\PhpEngine->evaluatePath('/Users/ktmsulai...', Array)
#17 /Users/ktmsulaim/Sites/storksolutions/@core/vendor/facade/ignition/src/Views/Engines/CompilerEngine.php(36): Illuminate\\View\\Engines\\CompilerEngine->get('/Users/ktmsulai...', Array)
#18 /Users/ktmsulaim/Sites/storksolutions/@core/vendor/laravel/framework/src/Illuminate/View/View.php(143): Facade\\Ignition\\Views\\Engines\\CompilerEngine->get('/Users/ktmsulai...', Array)
#19 /Users/ktmsulaim/Sites/storksolutions/@core/vendor/laravel/framework/src/Illuminate/View/View.php(126): Illuminate\\View\\View->getContents()
#20 /Users/ktmsulaim/Sites/storksolutions/@core/vendor/laravel/framework/src/Illuminate/View/View.php(91): Illuminate\\View\\View->renderContents()
#21 /Users/ktmsulaim/Sites/storksolutions/@core/vendor/laravel/framework/src/Illuminate/Http/Response.php(42): Illuminate\\View\\View->render()
#22 /Users/ktmsulaim/Sites/storksolutions/@core/vendor/symfony/http-foundation/Response.php(202): Illuminate\\Http\\Response->setContent(Object(Illuminate\\View\\View))
#23 /Users/ktmsulaim/Sites/storksolutions/@core/vendor/laravel/framework/src/Illuminate/Routing/ResponseFactory.php(55): Symfony\\Component\\HttpFoundation\\Response->__construct(Object(Illuminate\\View\\View), 200, Array)
#24 /Users/ktmsulaim/Sites/storksolutions/@core/vendor/laravel/framework/src/Illuminate/Routing/ResponseFactory.php(81): Illuminate\\Routing\\ResponseFactory->make(Object(Illuminate\\View\\View), 200, Array)
#25 /Users/ktmsulaim/Sites/storksolutions/@core/app/Exceptions/Handler.php(53): Illuminate\\Routing\\ResponseFactory->view('frontend.pages....')
#26 /Users/ktmsulaim/Sites/storksolutions/@core/vendor/laravel/framework/src/Illuminate/Routing/Pipeline.php(51): App\\Exceptions\\Handler->render(Object(Illuminate\\Http\\Request), Object(Symfony\\Component\\HttpKernel\\Exception\\NotFoundHttpException))
#27 /Users/ktmsulaim/Sites/storksolutions/@core/vendor/laravel/framework/src/Illuminate/Pipeline/Pipeline.php(132): Illuminate\\Routing\\Pipeline->handleException(Object(Illuminate\\Http\\Request), Object(Symfony\\Component\\HttpKernel\\Exception\\NotFoundHttpException))
#28 /Users/ktmsulaim/Sites/storksolutions/@core/vendor/laravel/framework/src/Illuminate/Foundation/Http/Middleware/TransformsRequest.php(21): Illuminate\\Pipeline\\Pipeline->Illuminate\\Pipeline\\{closure}(Object(Illuminate\\Http\\Request))
#29 /Users/ktmsulaim/Sites/storksolutions/@core/vendor/laravel/framework/src/Illuminate/Pipeline/Pipeline.php(171): Illuminate\\Foundation\\Http\\Middleware\\TransformsRequest->handle(Object(Illuminate\\Http\\Request), Object(Closure))
#30 /Users/ktmsulaim/Sites/storksolutions/@core/vendor/laravel/framework/src/Illuminate/Foundation/Http/Middleware/TransformsRequest.php(21): Illuminate\\Pipeline\\Pipeline->Illuminate\\Pipeline\\{closure}(Object(Illuminate\\Http\\Request))
#31 /Users/ktmsulaim/Sites/storksolutions/@core/vendor/laravel/framework/src/Illuminate/Pipeline/Pipeline.php(171): Illuminate\\Foundation\\Http\\Middleware\\TransformsRequest->handle(Object(Illuminate\\Http\\Request), Object(Closure))
#32 /Users/ktmsulaim/Sites/storksolutions/@core/vendor/laravel/framework/src/Illuminate/Foundation/Http/Middleware/ValidatePostSize.php(27): Illuminate\\Pipeline\\Pipeline->Illuminate\\Pipeline\\{closure}(Object(Illuminate\\Http\\Request))
#33 /Users/ktmsulaim/Sites/storksolutions/@core/vendor/laravel/framework/src/Illuminate/Pipeline/Pipeline.php(171): Illuminate\\Foundation\\Http\\Middleware\\ValidatePostSize->handle(Object(Illuminate\\Http\\Request), Object(Closure))
#34 /Users/ktmsulaim/Sites/storksolutions/@core/vendor/laravel/framework/src/Illuminate/Foundation/Http/Middleware/CheckForMaintenanceMode.php(62): Illuminate\\Pipeline\\Pipeline->Illuminate\\Pipeline\\{closure}(Object(Illuminate\\Http\\Request))
#35 /Users/ktmsulaim/Sites/storksolutions/@core/vendor/laravel/framework/src/Illuminate/Pipeline/Pipeline.php(171): Illuminate\\Foundation\\Http\\Middleware\\CheckForMaintenanceMode->handle(Object(Illuminate\\Http\\Request), Object(Closure))
#36 /Users/ktmsulaim/Sites/storksolutions/@core/vendor/fideloper/proxy/src/TrustProxies.php(57): Illuminate\\Pipeline\\Pipeline->Illuminate\\Pipeline\\{closure}(Object(Illuminate\\Http\\Request))
#37 /Users/ktmsulaim/Sites/storksolutions/@core/vendor/laravel/framework/src/Illuminate/Pipeline/Pipeline.php(171): Fideloper\\Proxy\\TrustProxies->handle(Object(Illuminate\\Http\\Request), Object(Closure))
#38 /Users/ktmsulaim/Sites/storksolutions/@core/vendor/laravel/framework/src/Illuminate/Pipeline/Pipeline.php(105): Illuminate\\Pipeline\\Pipeline->Illuminate\\Pipeline\\{closure}(Object(Illuminate\\Http\\Request))
#39 /Users/ktmsulaim/Sites/storksolutions/@core/vendor/laravel/framework/src/Illuminate/Foundation/Http/Kernel.php(151): Illuminate\\Pipeline\\Pipeline->then(Object(Closure))
#40 /Users/ktmsulaim/Sites/storksolutions/@core/vendor/laravel/framework/src/Illuminate/Foundation/Http/Kernel.php(116): Illuminate\\Foundation\\Http\\Kernel->sendRequestThroughRouter(Object(Illuminate\\Http\\Request))
#41 /Users/ktmsulaim/Sites/storksolutions/index.php(55): Illuminate\\Foundation\\Http\\Kernel->handle(Object(Illuminate\\Http\\Request))
#42 {main}

[previous exception] [object] (ErrorException(code: 0): Undefined variable: all_usefull_links at /Users/ktmsulaim/Sites/storksolutions/@core/storage/framework/views/c40fcf92dc9d0d3921e097602b687df9c2aa85ff.php:40)
[stacktrace]
#0 /Users/ktmsulaim/Sites/storksolutions/@core/storage/framework/views/c40fcf92dc9d0d3921e097602b687df9c2aa85ff.php(40): Illuminate\\Foundation\\Bootstrap\\HandleExceptions->handleError(8, 'Undefined varia...', '/Users/ktmsulai...', 40, Array)
#1 /Users/ktmsulaim/Sites/storksolutions/@core/vendor/laravel/framework/src/Illuminate/View/Engines/PhpEngine.php(43): include('/Users/ktmsulai...')
#2 /Users/ktmsulaim/Sites/storksolutions/@core/vendor/laravel/framework/src/Illuminate/View/Engines/CompilerEngine.php(59): Illuminate\\View\\Engines\\PhpEngine->evaluatePath('/Users/ktmsulai...', Array)
#3 /Users/ktmsulaim/Sites/storksolutions/@core/vendor/facade/ignition/src/Views/Engines/CompilerEngine.php(36): Illuminate\\View\\Engines\\CompilerEngine->get('/Users/ktmsulai...', Array)
#4 /Users/ktmsulaim/Sites/storksolutions/@core/vendor/laravel/framework/src/Illuminate/View/View.php(143): Facade\\Ignition\\Views\\Engines\\CompilerEngine->get('/Users/ktmsulai...', Array)
#5 /Users/ktmsulaim/Sites/storksolutions/@core/vendor/laravel/framework/src/Illuminate/View/View.php(126): Illuminate\\View\\View->getContents()
#6 /Users/ktmsulaim/Sites/storksolutions/@core/vendor/laravel/framework/src/Illuminate/View/View.php(91): Illuminate\\View\\View->renderContents()
#7 /Users/ktmsulaim/Sites/storksolutions/@core/storage/framework/views/513e73b9cdcd38f7addde32dd70f277062e1d292.php(26): Illuminate\\View\\View->render()
#8 /Users/ktmsulaim/Sites/storksolutions/@core/vendor/laravel/framework/src/Illuminate/View/Engines/PhpEngine.php(43): include('/Users/ktmsulai...')
#9 /Users/ktmsulaim/Sites/storksolutions/@core/vendor/laravel/framework/src/Illuminate/View/Engines/CompilerEngine.php(59): Illuminate\\View\\Engines\\PhpEngine->evaluatePath('/Users/ktmsulai...', Array)
#10 /Users/ktmsulaim/Sites/storksolutions/@core/vendor/facade/ignition/src/Views/Engines/CompilerEngine.php(36): Illuminate\\View\\Engines\\CompilerEngine->get('/Users/ktmsulai...', Array)
#11 /Users/ktmsulaim/Sites/storksolutions/@core/vendor/laravel/framework/src/Illuminate/View/View.php(143): Facade\\Ignition\\Views\\Engines\\CompilerEngine->get('/Users/ktmsulai...', Array)
#12 /Users/ktmsulaim/Sites/storksolutions/@core/vendor/laravel/framework/src/Illuminate/View/View.php(126): Illuminate\\View\\View->getContents()
#13 /Users/ktmsulaim/Sites/storksolutions/@core/vendor/laravel/framework/src/Illuminate/View/View.php(91): Illuminate\\View\\View->renderContents()
#14 /Users/ktmsulaim/Sites/storksolutions/@core/storage/framework/views/9610092555875feb7cc88d146fb750b12bdb7f64.php(24): Illuminate\\View\\View->render()
#15 /Users/ktmsulaim/Sites/storksolutions/@core/vendor/laravel/framework/src/Illuminate/View/Engines/PhpEngine.php(43): include('/Users/ktmsulai...')
#16 /Users/ktmsulaim/Sites/storksolutions/@core/vendor/laravel/framework/src/Illuminate/View/Engines/CompilerEngine.php(59): Illuminate\\View\\Engines\\PhpEngine->evaluatePath('/Users/ktmsulai...', Array)
#17 /Users/ktmsulaim/Sites/storksolutions/@core/vendor/facade/ignition/src/Views/Engines/CompilerEngine.php(36): Illuminate\\View\\Engines\\CompilerEngine->get('/Users/ktmsulai...', Array)
#18 /Users/ktmsulaim/Sites/storksolutions/@core/vendor/laravel/framework/src/Illuminate/View/View.php(143): Facade\\Ignition\\Views\\Engines\\CompilerEngine->get('/Users/ktmsulai...', Array)
#19 /Users/ktmsulaim/Sites/storksolutions/@core/vendor/laravel/framework/src/Illuminate/View/View.php(126): Illuminate\\View\\View->getContents()
#20 /Users/ktmsulaim/Sites/storksolutions/@core/vendor/laravel/framework/src/Illuminate/View/View.php(91): Illuminate\\View\\View->renderContents()
#21 /Users/ktmsulaim/Sites/storksolutions/@core/vendor/laravel/framework/src/Illuminate/Http/Response.php(42): Illuminate\\View\\View->render()
#22 /Users/ktmsulaim/Sites/storksolutions/@core/vendor/symfony/http-foundation/Response.php(202): Illuminate\\Http\\Response->setContent(Object(Illuminate\\View\\View))
#23 /Users/ktmsulaim/Sites/storksolutions/@core/vendor/laravel/framework/src/Illuminate/Routing/ResponseFactory.php(55): Symfony\\Component\\HttpFoundation\\Response->__construct(Object(Illuminate\\View\\View), 200, Array)
#24 /Users/ktmsulaim/Sites/storksolutions/@core/vendor/laravel/framework/src/Illuminate/Routing/ResponseFactory.php(81): Illuminate\\Routing\\ResponseFactory->make(Object(Illuminate\\View\\View), 200, Array)
#25 /Users/ktmsulaim/Sites/storksolutions/@core/app/Exceptions/Handler.php(53): Illuminate\\Routing\\ResponseFactory->view('frontend.pages....')
#26 /Users/ktmsulaim/Sites/storksolutions/@core/vendor/laravel/framework/src/Illuminate/Routing/Pipeline.php(51): App\\Exceptions\\Handler->render(Object(Illuminate\\Http\\Request), Object(Symfony\\Component\\HttpKernel\\Exception\\NotFoundHttpException))
#27 /Users/ktmsulaim/Sites/storksolutions/@core/vendor/laravel/framework/src/Illuminate/Pipeline/Pipeline.php(132): Illuminate\\Routing\\Pipeline->handleException(Object(Illuminate\\Http\\Request), Object(Symfony\\Component\\HttpKernel\\Exception\\NotFoundHttpException))
#28 /Users/ktmsulaim/Sites/storksolutions/@core/vendor/laravel/framework/src/Illuminate/Foundation/Http/Middleware/TransformsRequest.php(21): Illuminate\\Pipeline\\Pipeline->Illuminate\\Pipeline\\{closure}(Object(Illuminate\\Http\\Request))
#29 /Users/ktmsulaim/Sites/storksolutions/@core/vendor/laravel/framework/src/Illuminate/Pipeline/Pipeline.php(171): Illuminate\\Foundation\\Http\\Middleware\\TransformsRequest->handle(Object(Illuminate\\Http\\Request), Object(Closure))
#30 /Users/ktmsulaim/Sites/storksolutions/@core/vendor/laravel/framework/src/Illuminate/Foundation/Http/Middleware/TransformsRequest.php(21): Illuminate\\Pipeline\\Pipeline->Illuminate\\Pipeline\\{closure}(Object(Illuminate\\Http\\Request))
#31 /Users/ktmsulaim/Sites/storksolutions/@core/vendor/laravel/framework/src/Illuminate/Pipeline/Pipeline.php(171): Illuminate\\Foundation\\Http\\Middleware\\TransformsRequest->handle(Object(Illuminate\\Http\\Request), Object(Closure))
#32 /Users/ktmsulaim/Sites/storksolutions/@core/vendor/laravel/framework/src/Illuminate/Foundation/Http/Middleware/ValidatePostSize.php(27): Illuminate\\Pipeline\\Pipeline->Illuminate\\Pipeline\\{closure}(Object(Illuminate\\Http\\Request))
#33 /Users/ktmsulaim/Sites/storksolutions/@core/vendor/laravel/framework/src/Illuminate/Pipeline/Pipeline.php(171): Illuminate\\Foundation\\Http\\Middleware\\ValidatePostSize->handle(Object(Illuminate\\Http\\Request), Object(Closure))
#34 /Users/ktmsulaim/Sites/storksolutions/@core/vendor/laravel/framework/src/Illuminate/Foundation/Http/Middleware/CheckForMaintenanceMode.php(62): Illuminate\\Pipeline\\Pipeline->Illuminate\\Pipeline\\{closure}(Object(Illuminate\\Http\\Request))
#35 /Users/ktmsulaim/Sites/storksolutions/@core/vendor/laravel/framework/src/Illuminate/Pipeline/Pipeline.php(171): Illuminate\\Foundation\\Http\\Middleware\\CheckForMaintenanceMode->handle(Object(Illuminate\\Http\\Request), Object(Closure))
#36 /Users/ktmsulaim/Sites/storksolutions/@core/vendor/fideloper/proxy/src/TrustProxies.php(57): Illuminate\\Pipeline\\Pipeline->Illuminate\\Pipeline\\{closure}(Object(Illuminate\\Http\\Request))
#37 /Users/ktmsulaim/Sites/storksolutions/@core/vendor/laravel/framework/src/Illuminate/Pipeline/Pipeline.php(171): Fideloper\\Proxy\\TrustProxies->handle(Object(Illuminate\\Http\\Request), Object(Closure))
#38 /Users/ktmsulaim/Sites/storksolutions/@core/vendor/laravel/framework/src/Illuminate/Pipeline/Pipeline.php(105): Illuminate\\Pipeline\\Pipeline->Illuminate\\Pipeline\\{closure}(Object(Illuminate\\Http\\Request))
#39 /Users/ktmsulaim/Sites/storksolutions/@core/vendor/laravel/framework/src/Illuminate/Foundation/Http/Kernel.php(151): Illuminate\\Pipeline\\Pipeline->then(Object(Closure))
#40 /Users/ktmsulaim/Sites/storksolutions/@core/vendor/laravel/framework/src/Illuminate/Foundation/Http/Kernel.php(116): Illuminate\\Foundation\\Http\\Kernel->sendRequestThroughRouter(Object(Illuminate\\Http\\Request))
#41 /Users/ktmsulaim/Sites/storksolutions/index.php(55): Illuminate\\Foundation\\Http\\Kernel->handle(Object(Illuminate\\Http\\Request))
#42 {main}
"} 
[2021-12-17 03:13:28] local.ERROR: Undefined variable: all_usefull_links (View: /Users/ktmsulaim/Sites/storksolutions/@core/resources/views/frontend/partials/footer.blade.php) {"exception":"[object] (Facade\\Ignition\\Exceptions\\ViewException(code: 0): Undefined variable: all_usefull_links (View: /Users/ktmsulaim/Sites/storksolutions/@core/resources/views/frontend/partials/footer.blade.php) at /Users/ktmsulaim/Sites/storksolutions/@core/resources/views/frontend/partials/footer.blade.php:40)
[stacktrace]
#0 /Users/ktmsulaim/Sites/storksolutions/@core/resources/views/frontend/partials/footer.blade.php(40): Illuminate\\Foundation\\Bootstrap\\HandleExceptions->handleError(8, 'Undefined varia...', '/Users/ktmsulai...', 40, Array)
#1 /Users/ktmsulaim/Sites/storksolutions/@core/vendor/laravel/framework/src/Illuminate/View/Engines/PhpEngine.php(43): include('/Users/ktmsulai...')
#2 /Users/ktmsulaim/Sites/storksolutions/@core/vendor/laravel/framework/src/Illuminate/View/Engines/CompilerEngine.php(59): Illuminate\\View\\Engines\\PhpEngine->evaluatePath('/Users/ktmsulai...', Array)
#3 /Users/ktmsulaim/Sites/storksolutions/@core/vendor/facade/ignition/src/Views/Engines/CompilerEngine.php(36): Illuminate\\View\\Engines\\CompilerEngine->get('/Users/ktmsulai...', Array)
#4 /Users/ktmsulaim/Sites/storksolutions/@core/vendor/laravel/framework/src/Illuminate/View/View.php(143): Facade\\Ignition\\Views\\Engines\\CompilerEngine->get('/Users/ktmsulai...', Array)
#5 /Users/ktmsulaim/Sites/storksolutions/@core/vendor/laravel/framework/src/Illuminate/View/View.php(126): Illuminate\\View\\View->getContents()
#6 /Users/ktmsulaim/Sites/storksolutions/@core/vendor/laravel/framework/src/Illuminate/View/View.php(91): Illuminate\\View\\View->renderContents()
#7 /Users/ktmsulaim/Sites/storksolutions/@core/resources/views/frontend/frontend-page-master.blade.php(26): Illuminate\\View\\View->render()
#8 /Users/ktmsulaim/Sites/storksolutions/@core/vendor/laravel/framework/src/Illuminate/View/Engines/PhpEngine.php(43): include('/Users/ktmsulai...')
#9 /Users/ktmsulaim/Sites/storksolutions/@core/vendor/laravel/framework/src/Illuminate/View/Engines/CompilerEngine.php(59): Illuminate\\View\\Engines\\PhpEngine->evaluatePath('/Users/ktmsulai...', Array)
#10 /Users/ktmsulaim/Sites/storksolutions/@core/vendor/facade/ignition/src/Views/Engines/CompilerEngine.php(36): Illuminate\\View\\Engines\\CompilerEngine->get('/Users/ktmsulai...', Array)
#11 /Users/ktmsulaim/Sites/storksolutions/@core/vendor/laravel/framework/src/Illuminate/View/View.php(143): Facade\\Ignition\\Views\\Engines\\CompilerEngine->get('/Users/ktmsulai...', Array)
#12 /Users/ktmsulaim/Sites/storksolutions/@core/vendor/laravel/framework/src/Illuminate/View/View.php(126): Illuminate\\View\\View->getContents()
#13 /Users/ktmsulaim/Sites/storksolutions/@core/vendor/laravel/framework/src/Illuminate/View/View.php(91): Illuminate\\View\\View->renderContents()
#14 /Users/ktmsulaim/Sites/storksolutions/@core/resources/views/frontend/pages/404.blade.php(24): Illuminate\\View\\View->render()
#15 /Users/ktmsulaim/Sites/storksolutions/@core/vendor/laravel/framework/src/Illuminate/View/Engines/PhpEngine.php(43): include('/Users/ktmsulai...')
#16 /Users/ktmsulaim/Sites/storksolutions/@core/vendor/laravel/framework/src/Illuminate/View/Engines/CompilerEngine.php(59): Illuminate\\View\\Engines\\PhpEngine->evaluatePath('/Users/ktmsulai...', Array)
#17 /Users/ktmsulaim/Sites/storksolutions/@core/vendor/facade/ignition/src/Views/Engines/CompilerEngine.php(36): Illuminate\\View\\Engines\\CompilerEngine->get('/Users/ktmsulai...', Array)
#18 /Users/ktmsulaim/Sites/storksolutions/@core/vendor/laravel/framework/src/Illuminate/View/View.php(143): Facade\\Ignition\\Views\\Engines\\CompilerEngine->get('/Users/ktmsulai...', Array)
#19 /Users/ktmsulaim/Sites/storksolutions/@core/vendor/laravel/framework/src/Illuminate/View/View.php(126): Illuminate\\View\\View->getContents()
#20 /Users/ktmsulaim/Sites/storksolutions/@core/vendor/laravel/framework/src/Illuminate/View/View.php(91): Illuminate\\View\\View->renderContents()
#21 /Users/ktmsulaim/Sites/storksolutions/@core/vendor/laravel/framework/src/Illuminate/Http/Response.php(42): Illuminate\\View\\View->render()
#22 /Users/ktmsulaim/Sites/storksolutions/@core/vendor/symfony/http-foundation/Response.php(202): Illuminate\\Http\\Response->setContent(Object(Illuminate\\View\\View))
#23 /Users/ktmsulaim/Sites/storksolutions/@core/vendor/laravel/framework/src/Illuminate/Routing/ResponseFactory.php(55): Symfony\\Component\\HttpFoundation\\Response->__construct(Object(Illuminate\\View\\View), 200, Array)
#24 /Users/ktmsulaim/Sites/storksolutions/@core/vendor/laravel/framework/src/Illuminate/Routing/ResponseFactory.php(81): Illuminate\\Routing\\ResponseFactory->make(Object(Illuminate\\View\\View), 200, Array)
#25 /Users/ktmsulaim/Sites/storksolutions/@core/app/Exceptions/Handler.php(53): Illuminate\\Routing\\ResponseFactory->view('frontend.pages....')
#26 /Users/ktmsulaim/Sites/storksolutions/@core/vendor/laravel/framework/src/Illuminate/Routing/Pipeline.php(51): App\\Exceptions\\Handler->render(Object(Illuminate\\Http\\Request), Object(Symfony\\Component\\HttpKernel\\Exception\\NotFoundHttpException))
#27 /Users/ktmsulaim/Sites/storksolutions/@core/vendor/laravel/framework/src/Illuminate/Pipeline/Pipeline.php(132): Illuminate\\Routing\\Pipeline->handleException(Object(Illuminate\\Http\\Request), Object(Symfony\\Component\\HttpKernel\\Exception\\NotFoundHttpException))
#28 /Users/ktmsulaim/Sites/storksolutions/@core/vendor/laravel/framework/src/Illuminate/Foundation/Http/Middleware/TransformsRequest.php(21): Illuminate\\Pipeline\\Pipeline->Illuminate\\Pipeline\\{closure}(Object(Illuminate\\Http\\Request))
#29 /Users/ktmsulaim/Sites/storksolutions/@core/vendor/laravel/framework/src/Illuminate/Pipeline/Pipeline.php(171): Illuminate\\Foundation\\Http\\Middleware\\TransformsRequest->handle(Object(Illuminate\\Http\\Request), Object(Closure))
#30 /Users/ktmsulaim/Sites/storksolutions/@core/vendor/laravel/framework/src/Illuminate/Foundation/Http/Middleware/TransformsRequest.php(21): Illuminate\\Pipeline\\Pipeline->Illuminate\\Pipeline\\{closure}(Object(Illuminate\\Http\\Request))
#31 /Users/ktmsulaim/Sites/storksolutions/@core/vendor/laravel/framework/src/Illuminate/Pipeline/Pipeline.php(171): Illuminate\\Foundation\\Http\\Middleware\\TransformsRequest->handle(Object(Illuminate\\Http\\Request), Object(Closure))
#32 /Users/ktmsulaim/Sites/storksolutions/@core/vendor/laravel/framework/src/Illuminate/Foundation/Http/Middleware/ValidatePostSize.php(27): Illuminate\\Pipeline\\Pipeline->Illuminate\\Pipeline\\{closure}(Object(Illuminate\\Http\\Request))
#33 /Users/ktmsulaim/Sites/storksolutions/@core/vendor/laravel/framework/src/Illuminate/Pipeline/Pipeline.php(171): Illuminate\\Foundation\\Http\\Middleware\\ValidatePostSize->handle(Object(Illuminate\\Http\\Request), Object(Closure))
#34 /Users/ktmsulaim/Sites/storksolutions/@core/vendor/laravel/framework/src/Illuminate/Foundation/Http/Middleware/CheckForMaintenanceMode.php(62): Illuminate\\Pipeline\\Pipeline->Illuminate\\Pipeline\\{closure}(Object(Illuminate\\Http\\Request))
#35 /Users/ktmsulaim/Sites/storksolutions/@core/vendor/laravel/framework/src/Illuminate/Pipeline/Pipeline.php(171): Illuminate\\Foundation\\Http\\Middleware\\CheckForMaintenanceMode->handle(Object(Illuminate\\Http\\Request), Object(Closure))
#36 /Users/ktmsulaim/Sites/storksolutions/@core/vendor/fideloper/proxy/src/TrustProxies.php(57): Illuminate\\Pipeline\\Pipeline->Illuminate\\Pipeline\\{closure}(Object(Illuminate\\Http\\Request))
#37 /Users/ktmsulaim/Sites/storksolutions/@core/vendor/laravel/framework/src/Illuminate/Pipeline/Pipeline.php(171): Fideloper\\Proxy\\TrustProxies->handle(Object(Illuminate\\Http\\Request), Object(Closure))
#38 /Users/ktmsulaim/Sites/storksolutions/@core/vendor/laravel/framework/src/Illuminate/Pipeline/Pipeline.php(105): Illuminate\\Pipeline\\Pipeline->Illuminate\\Pipeline\\{closure}(Object(Illuminate\\Http\\Request))
#39 /Users/ktmsulaim/Sites/storksolutions/@core/vendor/laravel/framework/src/Illuminate/Foundation/Http/Kernel.php(151): Illuminate\\Pipeline\\Pipeline->then(Object(Closure))
#40 /Users/ktmsulaim/Sites/storksolutions/@core/vendor/laravel/framework/src/Illuminate/Foundation/Http/Kernel.php(116): Illuminate\\Foundation\\Http\\Kernel->sendRequestThroughRouter(Object(Illuminate\\Http\\Request))
#41 /Users/ktmsulaim/Sites/storksolutions/index.php(55): Illuminate\\Foundation\\Http\\Kernel->handle(Object(Illuminate\\Http\\Request))
#42 {main}

[previous exception] [object] (ErrorException(code: 0): Undefined variable: all_usefull_links at /Users/ktmsulaim/Sites/storksolutions/@core/storage/framework/views/c40fcf92dc9d0d3921e097602b687df9c2aa85ff.php:40)
[stacktrace]
#0 /Users/ktmsulaim/Sites/storksolutions/@core/storage/framework/views/c40fcf92dc9d0d3921e097602b687df9c2aa85ff.php(40): Illuminate\\Foundation\\Bootstrap\\HandleExceptions->handleError(8, 'Undefined varia...', '/Users/ktmsulai...', 40, Array)
#1 /Users/ktmsulaim/Sites/storksolutions/@core/vendor/laravel/framework/src/Illuminate/View/Engines/PhpEngine.php(43): include('/Users/ktmsulai...')
#2 /Users/ktmsulaim/Sites/storksolutions/@core/vendor/laravel/framework/src/Illuminate/View/Engines/CompilerEngine.php(59): Illuminate\\View\\Engines\\PhpEngine->evaluatePath('/Users/ktmsulai...', Array)
#3 /Users/ktmsulaim/Sites/storksolutions/@core/vendor/facade/ignition/src/Views/Engines/CompilerEngine.php(36): Illuminate\\View\\Engines\\CompilerEngine->get('/Users/ktmsulai...', Array)
#4 /Users/ktmsulaim/Sites/storksolutions/@core/vendor/laravel/framework/src/Illuminate/View/View.php(143): Facade\\Ignition\\Views\\Engines\\CompilerEngine->get('/Users/ktmsulai...', Array)
#5 /Users/ktmsulaim/Sites/storksolutions/@core/vendor/laravel/framework/src/Illuminate/View/View.php(126): Illuminate\\View\\View->getContents()
#6 /Users/ktmsulaim/Sites/storksolutions/@core/vendor/laravel/framework/src/Illuminate/View/View.php(91): Illuminate\\View\\View->renderContents()
#7 /Users/ktmsulaim/Sites/storksolutions/@core/storage/framework/views/513e73b9cdcd38f7addde32dd70f277062e1d292.php(26): Illuminate\\View\\View->render()
#8 /Users/ktmsulaim/Sites/storksolutions/@core/vendor/laravel/framework/src/Illuminate/View/Engines/PhpEngine.php(43): include('/Users/ktmsulai...')
#9 /Users/ktmsulaim/Sites/storksolutions/@core/vendor/laravel/framework/src/Illuminate/View/Engines/CompilerEngine.php(59): Illuminate\\View\\Engines\\PhpEngine->evaluatePath('/Users/ktmsulai...', Array)
#10 /Users/ktmsulaim/Sites/storksolutions/@core/vendor/facade/ignition/src/Views/Engines/CompilerEngine.php(36): Illuminate\\View\\Engines\\CompilerEngine->get('/Users/ktmsulai...', Array)
#11 /Users/ktmsulaim/Sites/storksolutions/@core/vendor/laravel/framework/src/Illuminate/View/View.php(143): Facade\\Ignition\\Views\\Engines\\CompilerEngine->get('/Users/ktmsulai...', Array)
#12 /Users/ktmsulaim/Sites/storksolutions/@core/vendor/laravel/framework/src/Illuminate/View/View.php(126): Illuminate\\View\\View->getContents()
#13 /Users/ktmsulaim/Sites/storksolutions/@core/vendor/laravel/framework/src/Illuminate/View/View.php(91): Illuminate\\View\\View->renderContents()
#14 /Users/ktmsulaim/Sites/storksolutions/@core/storage/framework/views/9610092555875feb7cc88d146fb750b12bdb7f64.php(24): Illuminate\\View\\View->render()
#15 /Users/ktmsulaim/Sites/storksolutions/@core/vendor/laravel/framework/src/Illuminate/View/Engines/PhpEngine.php(43): include('/Users/ktmsulai...')
#16 /Users/ktmsulaim/Sites/storksolutions/@core/vendor/laravel/framework/src/Illuminate/View/Engines/CompilerEngine.php(59): Illuminate\\View\\Engines\\PhpEngine->evaluatePath('/Users/ktmsulai...', Array)
#17 /Users/ktmsulaim/Sites/storksolutions/@core/vendor/facade/ignition/src/Views/Engines/CompilerEngine.php(36): Illuminate\\View\\Engines\\CompilerEngine->get('/Users/ktmsulai...', Array)
#18 /Users/ktmsulaim/Sites/storksolutions/@core/vendor/laravel/framework/src/Illuminate/View/View.php(143): Facade\\Ignition\\Views\\Engines\\CompilerEngine->get('/Users/ktmsulai...', Array)
#19 /Users/ktmsulaim/Sites/storksolutions/@core/vendor/laravel/framework/src/Illuminate/View/View.php(126): Illuminate\\View\\View->getContents()
#20 /Users/ktmsulaim/Sites/storksolutions/@core/vendor/laravel/framework/src/Illuminate/View/View.php(91): Illuminate\\View\\View->renderContents()
#21 /Users/ktmsulaim/Sites/storksolutions/@core/vendor/laravel/framework/src/Illuminate/Http/Response.php(42): Illuminate\\View\\View->render()
#22 /Users/ktmsulaim/Sites/storksolutions/@core/vendor/symfony/http-foundation/Response.php(202): Illuminate\\Http\\Response->setContent(Object(Illuminate\\View\\View))
#23 /Users/ktmsulaim/Sites/storksolutions/@core/vendor/laravel/framework/src/Illuminate/Routing/ResponseFactory.php(55): Symfony\\Component\\HttpFoundation\\Response->__construct(Object(Illuminate\\View\\View), 200, Array)
#24 /Users/ktmsulaim/Sites/storksolutions/@core/vendor/laravel/framework/src/Illuminate/Routing/ResponseFactory.php(81): Illuminate\\Routing\\ResponseFactory->make(Object(Illuminate\\View\\View), 200, Array)
#25 /Users/ktmsulaim/Sites/storksolutions/@core/app/Exceptions/Handler.php(53): Illuminate\\Routing\\ResponseFactory->view('frontend.pages....')
#26 /Users/ktmsulaim/Sites/storksolutions/@core/vendor/laravel/framework/src/Illuminate/Routing/Pipeline.php(51): App\\Exceptions\\Handler->render(Object(Illuminate\\Http\\Request), Object(Symfony\\Component\\HttpKernel\\Exception\\NotFoundHttpException))
#27 /Users/ktmsulaim/Sites/storksolutions/@core/vendor/laravel/framework/src/Illuminate/Pipeline/Pipeline.php(132): Illuminate\\Routing\\Pipeline->handleException(Object(Illuminate\\Http\\Request), Object(Symfony\\Component\\HttpKernel\\Exception\\NotFoundHttpException))
#28 /Users/ktmsulaim/Sites/storksolutions/@core/vendor/laravel/framework/src/Illuminate/Foundation/Http/Middleware/TransformsRequest.php(21): Illuminate\\Pipeline\\Pipeline->Illuminate\\Pipeline\\{closure}(Object(Illuminate\\Http\\Request))
#29 /Users/ktmsulaim/Sites/storksolutions/@core/vendor/laravel/framework/src/Illuminate/Pipeline/Pipeline.php(171): Illuminate\\Foundation\\Http\\Middleware\\TransformsRequest->handle(Object(Illuminate\\Http\\Request), Object(Closure))
#30 /Users/ktmsulaim/Sites/storksolutions/@core/vendor/laravel/framework/src/Illuminate/Foundation/Http/Middleware/TransformsRequest.php(21): Illuminate\\Pipeline\\Pipeline->Illuminate\\Pipeline\\{closure}(Object(Illuminate\\Http\\Request))
#31 /Users/ktmsulaim/Sites/storksolutions/@core/vendor/laravel/framework/src/Illuminate/Pipeline/Pipeline.php(171): Illuminate\\Foundation\\Http\\Middleware\\TransformsRequest->handle(Object(Illuminate\\Http\\Request), Object(Closure))
#32 /Users/ktmsulaim/Sites/storksolutions/@core/vendor/laravel/framework/src/Illuminate/Foundation/Http/Middleware/ValidatePostSize.php(27): Illuminate\\Pipeline\\Pipeline->Illuminate\\Pipeline\\{closure}(Object(Illuminate\\Http\\Request))
#33 /Users/ktmsulaim/Sites/storksolutions/@core/vendor/laravel/framework/src/Illuminate/Pipeline/Pipeline.php(171): Illuminate\\Foundation\\Http\\Middleware\\ValidatePostSize->handle(Object(Illuminate\\Http\\Request), Object(Closure))
#34 /Users/ktmsulaim/Sites/storksolutions/@core/vendor/laravel/framework/src/Illuminate/Foundation/Http/Middleware/CheckForMaintenanceMode.php(62): Illuminate\\Pipeline\\Pipeline->Illuminate\\Pipeline\\{closure}(Object(Illuminate\\Http\\Request))
#35 /Users/ktmsulaim/Sites/storksolutions/@core/vendor/laravel/framework/src/Illuminate/Pipeline/Pipeline.php(171): Illuminate\\Foundation\\Http\\Middleware\\CheckForMaintenanceMode->handle(Object(Illuminate\\Http\\Request), Object(Closure))
#36 /Users/ktmsulaim/Sites/storksolutions/@core/vendor/fideloper/proxy/src/TrustProxies.php(57): Illuminate\\Pipeline\\Pipeline->Illuminate\\Pipeline\\{closure}(Object(Illuminate\\Http\\Request))
#37 /Users/ktmsulaim/Sites/storksolutions/@core/vendor/laravel/framework/src/Illuminate/Pipeline/Pipeline.php(171): Fideloper\\Proxy\\TrustProxies->handle(Object(Illuminate\\Http\\Request), Object(Closure))
#38 /Users/ktmsulaim/Sites/storksolutions/@core/vendor/laravel/framework/src/Illuminate/Pipeline/Pipeline.php(105): Illuminate\\Pipeline\\Pipeline->Illuminate\\Pipeline\\{closure}(Object(Illuminate\\Http\\Request))
#39 /Users/ktmsulaim/Sites/storksolutions/@core/vendor/laravel/framework/src/Illuminate/Foundation/Http/Kernel.php(151): Illuminate\\Pipeline\\Pipeline->then(Object(Closure))
#40 /Users/ktmsulaim/Sites/storksolutions/@core/vendor/laravel/framework/src/Illuminate/Foundation/Http/Kernel.php(116): Illuminate\\Foundation\\Http\\Kernel->sendRequestThroughRouter(Object(Illuminate\\Http\\Request))
#41 /Users/ktmsulaim/Sites/storksolutions/index.php(55): Illuminate\\Foundation\\Http\\Kernel->handle(Object(Illuminate\\Http\\Request))
#42 {main}
"} 
[2021-12-17 03:13:28] local.ERROR: Undefined variable: all_usefull_links (View: /Users/ktmsulaim/Sites/storksolutions/@core/resources/views/frontend/partials/footer.blade.php) {"exception":"[object] (Facade\\Ignition\\Exceptions\\ViewException(code: 0): Undefined variable: all_usefull_links (View: /Users/ktmsulaim/Sites/storksolutions/@core/resources/views/frontend/partials/footer.blade.php) at /Users/ktmsulaim/Sites/storksolutions/@core/resources/views/frontend/partials/footer.blade.php:40)
[stacktrace]
#0 /Users/ktmsulaim/Sites/storksolutions/@core/resources/views/frontend/partials/footer.blade.php(40): Illuminate\\Foundation\\Bootstrap\\HandleExceptions->handleError(8, 'Undefined varia...', '/Users/ktmsulai...', 40, Array)
#1 /Users/ktmsulaim/Sites/storksolutions/@core/vendor/laravel/framework/src/Illuminate/View/Engines/PhpEngine.php(43): include('/Users/ktmsulai...')
#2 /Users/ktmsulaim/Sites/storksolutions/@core/vendor/laravel/framework/src/Illuminate/View/Engines/CompilerEngine.php(59): Illuminate\\View\\Engines\\PhpEngine->evaluatePath('/Users/ktmsulai...', Array)
#3 /Users/ktmsulaim/Sites/storksolutions/@core/vendor/facade/ignition/src/Views/Engines/CompilerEngine.php(36): Illuminate\\View\\Engines\\CompilerEngine->get('/Users/ktmsulai...', Array)
#4 /Users/ktmsulaim/Sites/storksolutions/@core/vendor/laravel/framework/src/Illuminate/View/View.php(143): Facade\\Ignition\\Views\\Engines\\CompilerEngine->get('/Users/ktmsulai...', Array)
#5 /Users/ktmsulaim/Sites/storksolutions/@core/vendor/laravel/framework/src/Illuminate/View/View.php(126): Illuminate\\View\\View->getContents()
#6 /Users/ktmsulaim/Sites/storksolutions/@core/vendor/laravel/framework/src/Illuminate/View/View.php(91): Illuminate\\View\\View->renderContents()
#7 /Users/ktmsulaim/Sites/storksolutions/@core/resources/views/frontend/frontend-page-master.blade.php(26): Illuminate\\View\\View->render()
#8 /Users/ktmsulaim/Sites/storksolutions/@core/vendor/laravel/framework/src/Illuminate/View/Engines/PhpEngine.php(43): include('/Users/ktmsulai...')
#9 /Users/ktmsulaim/Sites/storksolutions/@core/vendor/laravel/framework/src/Illuminate/View/Engines/CompilerEngine.php(59): Illuminate\\View\\Engines\\PhpEngine->evaluatePath('/Users/ktmsulai...', Array)
#10 /Users/ktmsulaim/Sites/storksolutions/@core/vendor/facade/ignition/src/Views/Engines/CompilerEngine.php(36): Illuminate\\View\\Engines\\CompilerEngine->get('/Users/ktmsulai...', Array)
#11 /Users/ktmsulaim/Sites/storksolutions/@core/vendor/laravel/framework/src/Illuminate/View/View.php(143): Facade\\Ignition\\Views\\Engines\\CompilerEngine->get('/Users/ktmsulai...', Array)
#12 /Users/ktmsulaim/Sites/storksolutions/@core/vendor/laravel/framework/src/Illuminate/View/View.php(126): Illuminate\\View\\View->getContents()
#13 /Users/ktmsulaim/Sites/storksolutions/@core/vendor/laravel/framework/src/Illuminate/View/View.php(91): Illuminate\\View\\View->renderContents()
#14 /Users/ktmsulaim/Sites/storksolutions/@core/resources/views/frontend/pages/404.blade.php(24): Illuminate\\View\\View->render()
#15 /Users/ktmsulaim/Sites/storksolutions/@core/vendor/laravel/framework/src/Illuminate/View/Engines/PhpEngine.php(43): include('/Users/ktmsulai...')
#16 /Users/ktmsulaim/Sites/storksolutions/@core/vendor/laravel/framework/src/Illuminate/View/Engines/CompilerEngine.php(59): Illuminate\\View\\Engines\\PhpEngine->evaluatePath('/Users/ktmsulai...', Array)
#17 /Users/ktmsulaim/Sites/storksolutions/@core/vendor/facade/ignition/src/Views/Engines/CompilerEngine.php(36): Illuminate\\View\\Engines\\CompilerEngine->get('/Users/ktmsulai...', Array)
#18 /Users/ktmsulaim/Sites/storksolutions/@core/vendor/laravel/framework/src/Illuminate/View/View.php(143): Facade\\Ignition\\Views\\Engines\\CompilerEngine->get('/Users/ktmsulai...', Array)
#19 /Users/ktmsulaim/Sites/storksolutions/@core/vendor/laravel/framework/src/Illuminate/View/View.php(126): Illuminate\\View\\View->getContents()
#20 /Users/ktmsulaim/Sites/storksolutions/@core/vendor/laravel/framework/src/Illuminate/View/View.php(91): Illuminate\\View\\View->renderContents()
#21 /Users/ktmsulaim/Sites/storksolutions/@core/vendor/laravel/framework/src/Illuminate/Http/Response.php(42): Illuminate\\View\\View->render()
#22 /Users/ktmsulaim/Sites/storksolutions/@core/vendor/symfony/http-foundation/Response.php(202): Illuminate\\Http\\Response->setContent(Object(Illuminate\\View\\View))
#23 /Users/ktmsulaim/Sites/storksolutions/@core/vendor/laravel/framework/src/Illuminate/Routing/ResponseFactory.php(55): Symfony\\Component\\HttpFoundation\\Response->__construct(Object(Illuminate\\View\\View), 200, Array)
#24 /Users/ktmsulaim/Sites/storksolutions/@core/vendor/laravel/framework/src/Illuminate/Routing/ResponseFactory.php(81): Illuminate\\Routing\\ResponseFactory->make(Object(Illuminate\\View\\View), 200, Array)
#25 /Users/ktmsulaim/Sites/storksolutions/@core/app/Exceptions/Handler.php(53): Illuminate\\Routing\\ResponseFactory->view('frontend.pages....')
#26 /Users/ktmsulaim/Sites/storksolutions/@core/vendor/laravel/framework/src/Illuminate/Routing/Pipeline.php(51): App\\Exceptions\\Handler->render(Object(Illuminate\\Http\\Request), Object(Symfony\\Component\\HttpKernel\\Exception\\NotFoundHttpException))
#27 /Users/ktmsulaim/Sites/storksolutions/@core/vendor/laravel/framework/src/Illuminate/Pipeline/Pipeline.php(132): Illuminate\\Routing\\Pipeline->handleException(Object(Illuminate\\Http\\Request), Object(Symfony\\Component\\HttpKernel\\Exception\\NotFoundHttpException))
#28 /Users/ktmsulaim/Sites/storksolutions/@core/vendor/laravel/framework/src/Illuminate/Foundation/Http/Middleware/TransformsRequest.php(21): Illuminate\\Pipeline\\Pipeline->Illuminate\\Pipeline\\{closure}(Object(Illuminate\\Http\\Request))
#29 /Users/ktmsulaim/Sites/storksolutions/@core/vendor/laravel/framework/src/Illuminate/Pipeline/Pipeline.php(171): Illuminate\\Foundation\\Http\\Middleware\\TransformsRequest->handle(Object(Illuminate\\Http\\Request), Object(Closure))
#30 /Users/ktmsulaim/Sites/storksolutions/@core/vendor/laravel/framework/src/Illuminate/Foundation/Http/Middleware/TransformsRequest.php(21): Illuminate\\Pipeline\\Pipeline->Illuminate\\Pipeline\\{closure}(Object(Illuminate\\Http\\Request))
#31 /Users/ktmsulaim/Sites/storksolutions/@core/vendor/laravel/framework/src/Illuminate/Pipeline/Pipeline.php(171): Illuminate\\Foundation\\Http\\Middleware\\TransformsRequest->handle(Object(Illuminate\\Http\\Request), Object(Closure))
#32 /Users/ktmsulaim/Sites/storksolutions/@core/vendor/laravel/framework/src/Illuminate/Foundation/Http/Middleware/ValidatePostSize.php(27): Illuminate\\Pipeline\\Pipeline->Illuminate\\Pipeline\\{closure}(Object(Illuminate\\Http\\Request))
#33 /Users/ktmsulaim/Sites/storksolutions/@core/vendor/laravel/framework/src/Illuminate/Pipeline/Pipeline.php(171): Illuminate\\Foundation\\Http\\Middleware\\ValidatePostSize->handle(Object(Illuminate\\Http\\Request), Object(Closure))
#34 /Users/ktmsulaim/Sites/storksolutions/@core/vendor/laravel/framework/src/Illuminate/Foundation/Http/Middleware/CheckForMaintenanceMode.php(62): Illuminate\\Pipeline\\Pipeline->Illuminate\\Pipeline\\{closure}(Object(Illuminate\\Http\\Request))
#35 /Users/ktmsulaim/Sites/storksolutions/@core/vendor/laravel/framework/src/Illuminate/Pipeline/Pipeline.php(171): Illuminate\\Foundation\\Http\\Middleware\\CheckForMaintenanceMode->handle(Object(Illuminate\\Http\\Request), Object(Closure))
#36 /Users/ktmsulaim/Sites/storksolutions/@core/vendor/fideloper/proxy/src/TrustProxies.php(57): Illuminate\\Pipeline\\Pipeline->Illuminate\\Pipeline\\{closure}(Object(Illuminate\\Http\\Request))
#37 /Users/ktmsulaim/Sites/storksolutions/@core/vendor/laravel/framework/src/Illuminate/Pipeline/Pipeline.php(171): Fideloper\\Proxy\\TrustProxies->handle(Object(Illuminate\\Http\\Request), Object(Closure))
#38 /Users/ktmsulaim/Sites/storksolutions/@core/vendor/laravel/framework/src/Illuminate/Pipeline/Pipeline.php(105): Illuminate\\Pipeline\\Pipeline->Illuminate\\Pipeline\\{closure}(Object(Illuminate\\Http\\Request))
#39 /Users/ktmsulaim/Sites/storksolutions/@core/vendor/laravel/framework/src/Illuminate/Foundation/Http/Kernel.php(151): Illuminate\\Pipeline\\Pipeline->then(Object(Closure))
#40 /Users/ktmsulaim/Sites/storksolutions/@core/vendor/laravel/framework/src/Illuminate/Foundation/Http/Kernel.php(116): Illuminate\\Foundation\\Http\\Kernel->sendRequestThroughRouter(Object(Illuminate\\Http\\Request))
#41 /Users/ktmsulaim/Sites/storksolutions/index.php(55): Illuminate\\Foundation\\Http\\Kernel->handle(Object(Illuminate\\Http\\Request))
#42 {main}

[previous exception] [object] (ErrorException(code: 0): Undefined variable: all_usefull_links at /Users/ktmsulaim/Sites/storksolutions/@core/storage/framework/views/c40fcf92dc9d0d3921e097602b687df9c2aa85ff.php:40)
[stacktrace]
#0 /Users/ktmsulaim/Sites/storksolutions/@core/storage/framework/views/c40fcf92dc9d0d3921e097602b687df9c2aa85ff.php(40): Illuminate\\Foundation\\Bootstrap\\HandleExceptions->handleError(8, 'Undefined varia...', '/Users/ktmsulai...', 40, Array)
#1 /Users/ktmsulaim/Sites/storksolutions/@core/vendor/laravel/framework/src/Illuminate/View/Engines/PhpEngine.php(43): include('/Users/ktmsulai...')
#2 /Users/ktmsulaim/Sites/storksolutions/@core/vendor/laravel/framework/src/Illuminate/View/Engines/CompilerEngine.php(59): Illuminate\\View\\Engines\\PhpEngine->evaluatePath('/Users/ktmsulai...', Array)
#3 /Users/ktmsulaim/Sites/storksolutions/@core/vendor/facade/ignition/src/Views/Engines/CompilerEngine.php(36): Illuminate\\View\\Engines\\CompilerEngine->get('/Users/ktmsulai...', Array)
#4 /Users/ktmsulaim/Sites/storksolutions/@core/vendor/laravel/framework/src/Illuminate/View/View.php(143): Facade\\Ignition\\Views\\Engines\\CompilerEngine->get('/Users/ktmsulai...', Array)
#5 /Users/ktmsulaim/Sites/storksolutions/@core/vendor/laravel/framework/src/Illuminate/View/View.php(126): Illuminate\\View\\View->getContents()
#6 /Users/ktmsulaim/Sites/storksolutions/@core/vendor/laravel/framework/src/Illuminate/View/View.php(91): Illuminate\\View\\View->renderContents()
#7 /Users/ktmsulaim/Sites/storksolutions/@core/storage/framework/views/513e73b9cdcd38f7addde32dd70f277062e1d292.php(26): Illuminate\\View\\View->render()
#8 /Users/ktmsulaim/Sites/storksolutions/@core/vendor/laravel/framework/src/Illuminate/View/Engines/PhpEngine.php(43): include('/Users/ktmsulai...')
#9 /Users/ktmsulaim/Sites/storksolutions/@core/vendor/laravel/framework/src/Illuminate/View/Engines/CompilerEngine.php(59): Illuminate\\View\\Engines\\PhpEngine->evaluatePath('/Users/ktmsulai...', Array)
#10 /Users/ktmsulaim/Sites/storksolutions/@core/vendor/facade/ignition/src/Views/Engines/CompilerEngine.php(36): Illuminate\\View\\Engines\\CompilerEngine->get('/Users/ktmsulai...', Array)
#11 /Users/ktmsulaim/Sites/storksolutions/@core/vendor/laravel/framework/src/Illuminate/View/View.php(143): Facade\\Ignition\\Views\\Engines\\CompilerEngine->get('/Users/ktmsulai...', Array)
#12 /Users/ktmsulaim/Sites/storksolutions/@core/vendor/laravel/framework/src/Illuminate/View/View.php(126): Illuminate\\View\\View->getContents()
#13 /Users/ktmsulaim/Sites/storksolutions/@core/vendor/laravel/framework/src/Illuminate/View/View.php(91): Illuminate\\View\\View->renderContents()
#14 /Users/ktmsulaim/Sites/storksolutions/@core/storage/framework/views/9610092555875feb7cc88d146fb750b12bdb7f64.php(24): Illuminate\\View\\View->render()
#15 /Users/ktmsulaim/Sites/storksolutions/@core/vendor/laravel/framework/src/Illuminate/View/Engines/PhpEngine.php(43): include('/Users/ktmsulai...')
#16 /Users/ktmsulaim/Sites/storksolutions/@core/vendor/laravel/framework/src/Illuminate/View/Engines/CompilerEngine.php(59): Illuminate\\View\\Engines\\PhpEngine->evaluatePath('/Users/ktmsulai...', Array)
#17 /Users/ktmsulaim/Sites/storksolutions/@core/vendor/facade/ignition/src/Views/Engines/CompilerEngine.php(36): Illuminate\\View\\Engines\\CompilerEngine->get('/Users/ktmsulai...', Array)
#18 /Users/ktmsulaim/Sites/storksolutions/@core/vendor/laravel/framework/src/Illuminate/View/View.php(143): Facade\\Ignition\\Views\\Engines\\CompilerEngine->get('/Users/ktmsulai...', Array)
#19 /Users/ktmsulaim/Sites/storksolutions/@core/vendor/laravel/framework/src/Illuminate/View/View.php(126): Illuminate\\View\\View->getContents()
#20 /Users/ktmsulaim/Sites/storksolutions/@core/vendor/laravel/framework/src/Illuminate/View/View.php(91): Illuminate\\View\\View->renderContents()
#21 /Users/ktmsulaim/Sites/storksolutions/@core/vendor/laravel/framework/src/Illuminate/Http/Response.php(42): Illuminate\\View\\View->render()
#22 /Users/ktmsulaim/Sites/storksolutions/@core/vendor/symfony/http-foundation/Response.php(202): Illuminate\\Http\\Response->setContent(Object(Illuminate\\View\\View))
#23 /Users/ktmsulaim/Sites/storksolutions/@core/vendor/laravel/framework/src/Illuminate/Routing/ResponseFactory.php(55): Symfony\\Component\\HttpFoundation\\Response->__construct(Object(Illuminate\\View\\View), 200, Array)
#24 /Users/ktmsulaim/Sites/storksolutions/@core/vendor/laravel/framework/src/Illuminate/Routing/ResponseFactory.php(81): Illuminate\\Routing\\ResponseFactory->make(Object(Illuminate\\View\\View), 200, Array)
#25 /Users/ktmsulaim/Sites/storksolutions/@core/app/Exceptions/Handler.php(53): Illuminate\\Routing\\ResponseFactory->view('frontend.pages....')
#26 /Users/ktmsulaim/Sites/storksolutions/@core/vendor/laravel/framework/src/Illuminate/Routing/Pipeline.php(51): App\\Exceptions\\Handler->render(Object(Illuminate\\Http\\Request), Object(Symfony\\Component\\HttpKernel\\Exception\\NotFoundHttpException))
#27 /Users/ktmsulaim/Sites/storksolutions/@core/vendor/laravel/framework/src/Illuminate/Pipeline/Pipeline.php(132): Illuminate\\Routing\\Pipeline->handleException(Object(Illuminate\\Http\\Request), Object(Symfony\\Component\\HttpKernel\\Exception\\NotFoundHttpException))
#28 /Users/ktmsulaim/Sites/storksolutions/@core/vendor/laravel/framework/src/Illuminate/Foundation/Http/Middleware/TransformsRequest.php(21): Illuminate\\Pipeline\\Pipeline->Illuminate\\Pipeline\\{closure}(Object(Illuminate\\Http\\Request))
#29 /Users/ktmsulaim/Sites/storksolutions/@core/vendor/laravel/framework/src/Illuminate/Pipeline/Pipeline.php(171): Illuminate\\Foundation\\Http\\Middleware\\TransformsRequest->handle(Object(Illuminate\\Http\\Request), Object(Closure))
#30 /Users/ktmsulaim/Sites/storksolutions/@core/vendor/laravel/framework/src/Illuminate/Foundation/Http/Middleware/TransformsRequest.php(21): Illuminate\\Pipeline\\Pipeline->Illuminate\\Pipeline\\{closure}(Object(Illuminate\\Http\\Request))
#31 /Users/ktmsulaim/Sites/storksolutions/@core/vendor/laravel/framework/src/Illuminate/Pipeline/Pipeline.php(171): Illuminate\\Foundation\\Http\\Middleware\\TransformsRequest->handle(Object(Illuminate\\Http\\Request), Object(Closure))
#32 /Users/ktmsulaim/Sites/storksolutions/@core/vendor/laravel/framework/src/Illuminate/Foundation/Http/Middleware/ValidatePostSize.php(27): Illuminate\\Pipeline\\Pipeline->Illuminate\\Pipeline\\{closure}(Object(Illuminate\\Http\\Request))
#33 /Users/ktmsulaim/Sites/storksolutions/@core/vendor/laravel/framework/src/Illuminate/Pipeline/Pipeline.php(171): Illuminate\\Foundation\\Http\\Middleware\\ValidatePostSize->handle(Object(Illuminate\\Http\\Request), Object(Closure))
#34 /Users/ktmsulaim/Sites/storksolutions/@core/vendor/laravel/framework/src/Illuminate/Foundation/Http/Middleware/CheckForMaintenanceMode.php(62): Illuminate\\Pipeline\\Pipeline->Illuminate\\Pipeline\\{closure}(Object(Illuminate\\Http\\Request))
#35 /Users/ktmsulaim/Sites/storksolutions/@core/vendor/laravel/framework/src/Illuminate/Pipeline/Pipeline.php(171): Illuminate\\Foundation\\Http\\Middleware\\CheckForMaintenanceMode->handle(Object(Illuminate\\Http\\Request), Object(Closure))
#36 /Users/ktmsulaim/Sites/storksolutions/@core/vendor/fideloper/proxy/src/TrustProxies.php(57): Illuminate\\Pipeline\\Pipeline->Illuminate\\Pipeline\\{closure}(Object(Illuminate\\Http\\Request))
#37 /Users/ktmsulaim/Sites/storksolutions/@core/vendor/laravel/framework/src/Illuminate/Pipeline/Pipeline.php(171): Fideloper\\Proxy\\TrustProxies->handle(Object(Illuminate\\Http\\Request), Object(Closure))
#38 /Users/ktmsulaim/Sites/storksolutions/@core/vendor/laravel/framework/src/Illuminate/Pipeline/Pipeline.php(105): Illuminate\\Pipeline\\Pipeline->Illuminate\\Pipeline\\{closure}(Object(Illuminate\\Http\\Request))
#39 /Users/ktmsulaim/Sites/storksolutions/@core/vendor/laravel/framework/src/Illuminate/Foundation/Http/Kernel.php(151): Illuminate\\Pipeline\\Pipeline->then(Object(Closure))
#40 /Users/ktmsulaim/Sites/storksolutions/@core/vendor/laravel/framework/src/Illuminate/Foundation/Http/Kernel.php(116): Illuminate\\Foundation\\Http\\Kernel->sendRequestThroughRouter(Object(Illuminate\\Http\\Request))
#41 /Users/ktmsulaim/Sites/storksolutions/index.php(55): Illuminate\\Foundation\\Http\\Kernel->handle(Object(Illuminate\\Http\\Request))
#42 {main}
"} 
[2021-12-17 03:13:29] local.ERROR: Undefined variable: all_usefull_links (View: /Users/ktmsulaim/Sites/storksolutions/@core/resources/views/frontend/partials/footer.blade.php) {"exception":"[object] (Facade\\Ignition\\Exceptions\\ViewException(code: 0): Undefined variable: all_usefull_links (View: /Users/ktmsulaim/Sites/storksolutions/@core/resources/views/frontend/partials/footer.blade.php) at /Users/ktmsulaim/Sites/storksolutions/@core/resources/views/frontend/partials/footer.blade.php:40)
[stacktrace]
#0 /Users/ktmsulaim/Sites/storksolutions/@core/resources/views/frontend/partials/footer.blade.php(40): Illuminate\\Foundation\\Bootstrap\\HandleExceptions->handleError(8, 'Undefined varia...', '/Users/ktmsulai...', 40, Array)
#1 /Users/ktmsulaim/Sites/storksolutions/@core/vendor/laravel/framework/src/Illuminate/View/Engines/PhpEngine.php(43): include('/Users/ktmsulai...')
#2 /Users/ktmsulaim/Sites/storksolutions/@core/vendor/laravel/framework/src/Illuminate/View/Engines/CompilerEngine.php(59): Illuminate\\View\\Engines\\PhpEngine->evaluatePath('/Users/ktmsulai...', Array)
#3 /Users/ktmsulaim/Sites/storksolutions/@core/vendor/facade/ignition/src/Views/Engines/CompilerEngine.php(36): Illuminate\\View\\Engines\\CompilerEngine->get('/Users/ktmsulai...', Array)
#4 /Users/ktmsulaim/Sites/storksolutions/@core/vendor/laravel/framework/src/Illuminate/View/View.php(143): Facade\\Ignition\\Views\\Engines\\CompilerEngine->get('/Users/ktmsulai...', Array)
#5 /Users/ktmsulaim/Sites/storksolutions/@core/vendor/laravel/framework/src/Illuminate/View/View.php(126): Illuminate\\View\\View->getContents()
#6 /Users/ktmsulaim/Sites/storksolutions/@core/vendor/laravel/framework/src/Illuminate/View/View.php(91): Illuminate\\View\\View->renderContents()
#7 /Users/ktmsulaim/Sites/storksolutions/@core/resources/views/frontend/frontend-page-master.blade.php(26): Illuminate\\View\\View->render()
#8 /Users/ktmsulaim/Sites/storksolutions/@core/vendor/laravel/framework/src/Illuminate/View/Engines/PhpEngine.php(43): include('/Users/ktmsulai...')
#9 /Users/ktmsulaim/Sites/storksolutions/@core/vendor/laravel/framework/src/Illuminate/View/Engines/CompilerEngine.php(59): Illuminate\\View\\Engines\\PhpEngine->evaluatePath('/Users/ktmsulai...', Array)
#10 /Users/ktmsulaim/Sites/storksolutions/@core/vendor/facade/ignition/src/Views/Engines/CompilerEngine.php(36): Illuminate\\View\\Engines\\CompilerEngine->get('/Users/ktmsulai...', Array)
#11 /Users/ktmsulaim/Sites/storksolutions/@core/vendor/laravel/framework/src/Illuminate/View/View.php(143): Facade\\Ignition\\Views\\Engines\\CompilerEngine->get('/Users/ktmsulai...', Array)
#12 /Users/ktmsulaim/Sites/storksolutions/@core/vendor/laravel/framework/src/Illuminate/View/View.php(126): Illuminate\\View\\View->getContents()
#13 /Users/ktmsulaim/Sites/storksolutions/@core/vendor/laravel/framework/src/Illuminate/View/View.php(91): Illuminate\\View\\View->renderContents()
#14 /Users/ktmsulaim/Sites/storksolutions/@core/resources/views/frontend/pages/404.blade.php(24): Illuminate\\View\\View->render()
#15 /Users/ktmsulaim/Sites/storksolutions/@core/vendor/laravel/framework/src/Illuminate/View/Engines/PhpEngine.php(43): include('/Users/ktmsulai...')
#16 /Users/ktmsulaim/Sites/storksolutions/@core/vendor/laravel/framework/src/Illuminate/View/Engines/CompilerEngine.php(59): Illuminate\\View\\Engines\\PhpEngine->evaluatePath('/Users/ktmsulai...', Array)
#17 /Users/ktmsulaim/Sites/storksolutions/@core/vendor/facade/ignition/src/Views/Engines/CompilerEngine.php(36): Illuminate\\View\\Engines\\CompilerEngine->get('/Users/ktmsulai...', Array)
#18 /Users/ktmsulaim/Sites/storksolutions/@core/vendor/laravel/framework/src/Illuminate/View/View.php(143): Facade\\Ignition\\Views\\Engines\\CompilerEngine->get('/Users/ktmsulai...', Array)
#19 /Users/ktmsulaim/Sites/storksolutions/@core/vendor/laravel/framework/src/Illuminate/View/View.php(126): Illuminate\\View\\View->getContents()
#20 /Users/ktmsulaim/Sites/storksolutions/@core/vendor/laravel/framework/src/Illuminate/View/View.php(91): Illuminate\\View\\View->renderContents()
#21 /Users/ktmsulaim/Sites/storksolutions/@core/vendor/laravel/framework/src/Illuminate/Http/Response.php(42): Illuminate\\View\\View->render()
#22 /Users/ktmsulaim/Sites/storksolutions/@core/vendor/symfony/http-foundation/Response.php(202): Illuminate\\Http\\Response->setContent(Object(Illuminate\\View\\View))
#23 /Users/ktmsulaim/Sites/storksolutions/@core/vendor/laravel/framework/src/Illuminate/Routing/ResponseFactory.php(55): Symfony\\Component\\HttpFoundation\\Response->__construct(Object(Illuminate\\View\\View), 200, Array)
#24 /Users/ktmsulaim/Sites/storksolutions/@core/vendor/laravel/framework/src/Illuminate/Routing/ResponseFactory.php(81): Illuminate\\Routing\\ResponseFactory->make(Object(Illuminate\\View\\View), 200, Array)
#25 /Users/ktmsulaim/Sites/storksolutions/@core/app/Exceptions/Handler.php(53): Illuminate\\Routing\\ResponseFactory->view('frontend.pages....')
#26 /Users/ktmsulaim/Sites/storksolutions/@core/vendor/laravel/framework/src/Illuminate/Routing/Pipeline.php(51): App\\Exceptions\\Handler->render(Object(Illuminate\\Http\\Request), Object(Symfony\\Component\\HttpKernel\\Exception\\NotFoundHttpException))
#27 /Users/ktmsulaim/Sites/storksolutions/@core/vendor/laravel/framework/src/Illuminate/Pipeline/Pipeline.php(132): Illuminate\\Routing\\Pipeline->handleException(Object(Illuminate\\Http\\Request), Object(Symfony\\Component\\HttpKernel\\Exception\\NotFoundHttpException))
#28 /Users/ktmsulaim/Sites/storksolutions/@core/vendor/laravel/framework/src/Illuminate/Foundation/Http/Middleware/TransformsRequest.php(21): Illuminate\\Pipeline\\Pipeline->Illuminate\\Pipeline\\{closure}(Object(Illuminate\\Http\\Request))
#29 /Users/ktmsulaim/Sites/storksolutions/@core/vendor/laravel/framework/src/Illuminate/Pipeline/Pipeline.php(171): Illuminate\\Foundation\\Http\\Middleware\\TransformsRequest->handle(Object(Illuminate\\Http\\Request), Object(Closure))
#30 /Users/ktmsulaim/Sites/storksolutions/@core/vendor/laravel/framework/src/Illuminate/Foundation/Http/Middleware/TransformsRequest.php(21): Illuminate\\Pipeline\\Pipeline->Illuminate\\Pipeline\\{closure}(Object(Illuminate\\Http\\Request))
#31 /Users/ktmsulaim/Sites/storksolutions/@core/vendor/laravel/framework/src/Illuminate/Pipeline/Pipeline.php(171): Illuminate\\Foundation\\Http\\Middleware\\TransformsRequest->handle(Object(Illuminate\\Http\\Request), Object(Closure))
#32 /Users/ktmsulaim/Sites/storksolutions/@core/vendor/laravel/framework/src/Illuminate/Foundation/Http/Middleware/ValidatePostSize.php(27): Illuminate\\Pipeline\\Pipeline->Illuminate\\Pipeline\\{closure}(Object(Illuminate\\Http\\Request))
#33 /Users/ktmsulaim/Sites/storksolutions/@core/vendor/laravel/framework/src/Illuminate/Pipeline/Pipeline.php(171): Illuminate\\Foundation\\Http\\Middleware\\ValidatePostSize->handle(Object(Illuminate\\Http\\Request), Object(Closure))
#34 /Users/ktmsulaim/Sites/storksolutions/@core/vendor/laravel/framework/src/Illuminate/Foundation/Http/Middleware/CheckForMaintenanceMode.php(62): Illuminate\\Pipeline\\Pipeline->Illuminate\\Pipeline\\{closure}(Object(Illuminate\\Http\\Request))
#35 /Users/ktmsulaim/Sites/storksolutions/@core/vendor/laravel/framework/src/Illuminate/Pipeline/Pipeline.php(171): Illuminate\\Foundation\\Http\\Middleware\\CheckForMaintenanceMode->handle(Object(Illuminate\\Http\\Request), Object(Closure))
#36 /Users/ktmsulaim/Sites/storksolutions/@core/vendor/fideloper/proxy/src/TrustProxies.php(57): Illuminate\\Pipeline\\Pipeline->Illuminate\\Pipeline\\{closure}(Object(Illuminate\\Http\\Request))
#37 /Users/ktmsulaim/Sites/storksolutions/@core/vendor/laravel/framework/src/Illuminate/Pipeline/Pipeline.php(171): Fideloper\\Proxy\\TrustProxies->handle(Object(Illuminate\\Http\\Request), Object(Closure))
#38 /Users/ktmsulaim/Sites/storksolutions/@core/vendor/laravel/framework/src/Illuminate/Pipeline/Pipeline.php(105): Illuminate\\Pipeline\\Pipeline->Illuminate\\Pipeline\\{closure}(Object(Illuminate\\Http\\Request))
#39 /Users/ktmsulaim/Sites/storksolutions/@core/vendor/laravel/framework/src/Illuminate/Foundation/Http/Kernel.php(151): Illuminate\\Pipeline\\Pipeline->then(Object(Closure))
#40 /Users/ktmsulaim/Sites/storksolutions/@core/vendor/laravel/framework/src/Illuminate/Foundation/Http/Kernel.php(116): Illuminate\\Foundation\\Http\\Kernel->sendRequestThroughRouter(Object(Illuminate\\Http\\Request))
#41 /Users/ktmsulaim/Sites/storksolutions/index.php(55): Illuminate\\Foundation\\Http\\Kernel->handle(Object(Illuminate\\Http\\Request))
#42 {main}

[previous exception] [object] (ErrorException(code: 0): Undefined variable: all_usefull_links at /Users/ktmsulaim/Sites/storksolutions/@core/storage/framework/views/c40fcf92dc9d0d3921e097602b687df9c2aa85ff.php:40)
[stacktrace]
#0 /Users/ktmsulaim/Sites/storksolutions/@core/storage/framework/views/c40fcf92dc9d0d3921e097602b687df9c2aa85ff.php(40): Illuminate\\Foundation\\Bootstrap\\HandleExceptions->handleError(8, 'Undefined varia...', '/Users/ktmsulai...', 40, Array)
#1 /Users/ktmsulaim/Sites/storksolutions/@core/vendor/laravel/framework/src/Illuminate/View/Engines/PhpEngine.php(43): include('/Users/ktmsulai...')
#2 /Users/ktmsulaim/Sites/storksolutions/@core/vendor/laravel/framework/src/Illuminate/View/Engines/CompilerEngine.php(59): Illuminate\\View\\Engines\\PhpEngine->evaluatePath('/Users/ktmsulai...', Array)
#3 /Users/ktmsulaim/Sites/storksolutions/@core/vendor/facade/ignition/src/Views/Engines/CompilerEngine.php(36): Illuminate\\View\\Engines\\CompilerEngine->get('/Users/ktmsulai...', Array)
#4 /Users/ktmsulaim/Sites/storksolutions/@core/vendor/laravel/framework/src/Illuminate/View/View.php(143): Facade\\Ignition\\Views\\Engines\\CompilerEngine->get('/Users/ktmsulai...', Array)
#5 /Users/ktmsulaim/Sites/storksolutions/@core/vendor/laravel/framework/src/Illuminate/View/View.php(126): Illuminate\\View\\View->getContents()
#6 /Users/ktmsulaim/Sites/storksolutions/@core/vendor/laravel/framework/src/Illuminate/View/View.php(91): Illuminate\\View\\View->renderContents()
#7 /Users/ktmsulaim/Sites/storksolutions/@core/storage/framework/views/513e73b9cdcd38f7addde32dd70f277062e1d292.php(26): Illuminate\\View\\View->render()
#8 /Users/ktmsulaim/Sites/storksolutions/@core/vendor/laravel/framework/src/Illuminate/View/Engines/PhpEngine.php(43): include('/Users/ktmsulai...')
#9 /Users/ktmsulaim/Sites/storksolutions/@core/vendor/laravel/framework/src/Illuminate/View/Engines/CompilerEngine.php(59): Illuminate\\View\\Engines\\PhpEngine->evaluatePath('/Users/ktmsulai...', Array)
#10 /Users/ktmsulaim/Sites/storksolutions/@core/vendor/facade/ignition/src/Views/Engines/CompilerEngine.php(36): Illuminate\\View\\Engines\\CompilerEngine->get('/Users/ktmsulai...', Array)
#11 /Users/ktmsulaim/Sites/storksolutions/@core/vendor/laravel/framework/src/Illuminate/View/View.php(143): Facade\\Ignition\\Views\\Engines\\CompilerEngine->get('/Users/ktmsulai...', Array)
#12 /Users/ktmsulaim/Sites/storksolutions/@core/vendor/laravel/framework/src/Illuminate/View/View.php(126): Illuminate\\View\\View->getContents()
#13 /Users/ktmsulaim/Sites/storksolutions/@core/vendor/laravel/framework/src/Illuminate/View/View.php(91): Illuminate\\View\\View->renderContents()
#14 /Users/ktmsulaim/Sites/storksolutions/@core/storage/framework/views/9610092555875feb7cc88d146fb750b12bdb7f64.php(24): Illuminate\\View\\View->render()
#15 /Users/ktmsulaim/Sites/storksolutions/@core/vendor/laravel/framework/src/Illuminate/View/Engines/PhpEngine.php(43): include('/Users/ktmsulai...')
#16 /Users/ktmsulaim/Sites/storksolutions/@core/vendor/laravel/framework/src/Illuminate/View/Engines/CompilerEngine.php(59): Illuminate\\View\\Engines\\PhpEngine->evaluatePath('/Users/ktmsulai...', Array)
#17 /Users/ktmsulaim/Sites/storksolutions/@core/vendor/facade/ignition/src/Views/Engines/CompilerEngine.php(36): Illuminate\\View\\Engines\\CompilerEngine->get('/Users/ktmsulai...', Array)
#18 /Users/ktmsulaim/Sites/storksolutions/@core/vendor/laravel/framework/src/Illuminate/View/View.php(143): Facade\\Ignition\\Views\\Engines\\CompilerEngine->get('/Users/ktmsulai...', Array)
#19 /Users/ktmsulaim/Sites/storksolutions/@core/vendor/laravel/framework/src/Illuminate/View/View.php(126): Illuminate\\View\\View->getContents()
#20 /Users/ktmsulaim/Sites/storksolutions/@core/vendor/laravel/framework/src/Illuminate/View/View.php(91): Illuminate\\View\\View->renderContents()
#21 /Users/ktmsulaim/Sites/storksolutions/@core/vendor/laravel/framework/src/Illuminate/Http/Response.php(42): Illuminate\\View\\View->render()
#22 /Users/ktmsulaim/Sites/storksolutions/@core/vendor/symfony/http-foundation/Response.php(202): Illuminate\\Http\\Response->setContent(Object(Illuminate\\View\\View))
#23 /Users/ktmsulaim/Sites/storksolutions/@core/vendor/laravel/framework/src/Illuminate/Routing/ResponseFactory.php(55): Symfony\\Component\\HttpFoundation\\Response->__construct(Object(Illuminate\\View\\View), 200, Array)
#24 /Users/ktmsulaim/Sites/storksolutions/@core/vendor/laravel/framework/src/Illuminate/Routing/ResponseFactory.php(81): Illuminate\\Routing\\ResponseFactory->make(Object(Illuminate\\View\\View), 200, Array)
#25 /Users/ktmsulaim/Sites/storksolutions/@core/app/Exceptions/Handler.php(53): Illuminate\\Routing\\ResponseFactory->view('frontend.pages....')
#26 /Users/ktmsulaim/Sites/storksolutions/@core/vendor/laravel/framework/src/Illuminate/Routing/Pipeline.php(51): App\\Exceptions\\Handler->render(Object(Illuminate\\Http\\Request), Object(Symfony\\Component\\HttpKernel\\Exception\\NotFoundHttpException))
#27 /Users/ktmsulaim/Sites/storksolutions/@core/vendor/laravel/framework/src/Illuminate/Pipeline/Pipeline.php(132): Illuminate\\Routing\\Pipeline->handleException(Object(Illuminate\\Http\\Request), Object(Symfony\\Component\\HttpKernel\\Exception\\NotFoundHttpException))
#28 /Users/ktmsulaim/Sites/storksolutions/@core/vendor/laravel/framework/src/Illuminate/Foundation/Http/Middleware/TransformsRequest.php(21): Illuminate\\Pipeline\\Pipeline->Illuminate\\Pipeline\\{closure}(Object(Illuminate\\Http\\Request))
#29 /Users/ktmsulaim/Sites/storksolutions/@core/vendor/laravel/framework/src/Illuminate/Pipeline/Pipeline.php(171): Illuminate\\Foundation\\Http\\Middleware\\TransformsRequest->handle(Object(Illuminate\\Http\\Request), Object(Closure))
#30 /Users/ktmsulaim/Sites/storksolutions/@core/vendor/laravel/framework/src/Illuminate/Foundation/Http/Middleware/TransformsRequest.php(21): Illuminate\\Pipeline\\Pipeline->Illuminate\\Pipeline\\{closure}(Object(Illuminate\\Http\\Request))
#31 /Users/ktmsulaim/Sites/storksolutions/@core/vendor/laravel/framework/src/Illuminate/Pipeline/Pipeline.php(171): Illuminate\\Foundation\\Http\\Middleware\\TransformsRequest->handle(Object(Illuminate\\Http\\Request), Object(Closure))
#32 /Users/ktmsulaim/Sites/storksolutions/@core/vendor/laravel/framework/src/Illuminate/Foundation/Http/Middleware/ValidatePostSize.php(27): Illuminate\\Pipeline\\Pipeline->Illuminate\\Pipeline\\{closure}(Object(Illuminate\\Http\\Request))
#33 /Users/ktmsulaim/Sites/storksolutions/@core/vendor/laravel/framework/src/Illuminate/Pipeline/Pipeline.php(171): Illuminate\\Foundation\\Http\\Middleware\\ValidatePostSize->handle(Object(Illuminate\\Http\\Request), Object(Closure))
#34 /Users/ktmsulaim/Sites/storksolutions/@core/vendor/laravel/framework/src/Illuminate/Foundation/Http/Middleware/CheckForMaintenanceMode.php(62): Illuminate\\Pipeline\\Pipeline->Illuminate\\Pipeline\\{closure}(Object(Illuminate\\Http\\Request))
#35 /Users/ktmsulaim/Sites/storksolutions/@core/vendor/laravel/framework/src/Illuminate/Pipeline/Pipeline.php(171): Illuminate\\Foundation\\Http\\Middleware\\CheckForMaintenanceMode->handle(Object(Illuminate\\Http\\Request), Object(Closure))
#36 /Users/ktmsulaim/Sites/storksolutions/@core/vendor/fideloper/proxy/src/TrustProxies.php(57): Illuminate\\Pipeline\\Pipeline->Illuminate\\Pipeline\\{closure}(Object(Illuminate\\Http\\Request))
#37 /Users/ktmsulaim/Sites/storksolutions/@core/vendor/laravel/framework/src/Illuminate/Pipeline/Pipeline.php(171): Fideloper\\Proxy\\TrustProxies->handle(Object(Illuminate\\Http\\Request), Object(Closure))
#38 /Users/ktmsulaim/Sites/storksolutions/@core/vendor/laravel/framework/src/Illuminate/Pipeline/Pipeline.php(105): Illuminate\\Pipeline\\Pipeline->Illuminate\\Pipeline\\{closure}(Object(Illuminate\\Http\\Request))
#39 /Users/ktmsulaim/Sites/storksolutions/@core/vendor/laravel/framework/src/Illuminate/Foundation/Http/Kernel.php(151): Illuminate\\Pipeline\\Pipeline->then(Object(Closure))
#40 /Users/ktmsulaim/Sites/storksolutions/@core/vendor/laravel/framework/src/Illuminate/Foundation/Http/Kernel.php(116): Illuminate\\Foundation\\Http\\Kernel->sendRequestThroughRouter(Object(Illuminate\\Http\\Request))
#41 /Users/ktmsulaim/Sites/storksolutions/index.php(55): Illuminate\\Foundation\\Http\\Kernel->handle(Object(Illuminate\\Http\\Request))
#42 {main}
"} 
[2021-12-17 03:13:29] local.ERROR: Undefined variable: all_usefull_links (View: /Users/ktmsulaim/Sites/storksolutions/@core/resources/views/frontend/partials/footer.blade.php) {"exception":"[object] (Facade\\Ignition\\Exceptions\\ViewException(code: 0): Undefined variable: all_usefull_links (View: /Users/ktmsulaim/Sites/storksolutions/@core/resources/views/frontend/partials/footer.blade.php) at /Users/ktmsulaim/Sites/storksolutions/@core/resources/views/frontend/partials/footer.blade.php:40)
[stacktrace]
#0 /Users/ktmsulaim/Sites/storksolutions/@core/resources/views/frontend/partials/footer.blade.php(40): Illuminate\\Foundation\\Bootstrap\\HandleExceptions->handleError(8, 'Undefined varia...', '/Users/ktmsulai...', 40, Array)
#1 /Users/ktmsulaim/Sites/storksolutions/@core/vendor/laravel/framework/src/Illuminate/View/Engines/PhpEngine.php(43): include('/Users/ktmsulai...')
#2 /Users/ktmsulaim/Sites/storksolutions/@core/vendor/laravel/framework/src/Illuminate/View/Engines/CompilerEngine.php(59): Illuminate\\View\\Engines\\PhpEngine->evaluatePath('/Users/ktmsulai...', Array)
#3 /Users/ktmsulaim/Sites/storksolutions/@core/vendor/facade/ignition/src/Views/Engines/CompilerEngine.php(36): Illuminate\\View\\Engines\\CompilerEngine->get('/Users/ktmsulai...', Array)
#4 /Users/ktmsulaim/Sites/storksolutions/@core/vendor/laravel/framework/src/Illuminate/View/View.php(143): Facade\\Ignition\\Views\\Engines\\CompilerEngine->get('/Users/ktmsulai...', Array)
#5 /Users/ktmsulaim/Sites/storksolutions/@core/vendor/laravel/framework/src/Illuminate/View/View.php(126): Illuminate\\View\\View->getContents()
#6 /Users/ktmsulaim/Sites/storksolutions/@core/vendor/laravel/framework/src/Illuminate/View/View.php(91): Illuminate\\View\\View->renderContents()
#7 /Users/ktmsulaim/Sites/storksolutions/@core/resources/views/frontend/frontend-page-master.blade.php(26): Illuminate\\View\\View->render()
#8 /Users/ktmsulaim/Sites/storksolutions/@core/vendor/laravel/framework/src/Illuminate/View/Engines/PhpEngine.php(43): include('/Users/ktmsulai...')
#9 /Users/ktmsulaim/Sites/storksolutions/@core/vendor/laravel/framework/src/Illuminate/View/Engines/CompilerEngine.php(59): Illuminate\\View\\Engines\\PhpEngine->evaluatePath('/Users/ktmsulai...', Array)
#10 /Users/ktmsulaim/Sites/storksolutions/@core/vendor/facade/ignition/src/Views/Engines/CompilerEngine.php(36): Illuminate\\View\\Engines\\CompilerEngine->get('/Users/ktmsulai...', Array)
#11 /Users/ktmsulaim/Sites/storksolutions/@core/vendor/laravel/framework/src/Illuminate/View/View.php(143): Facade\\Ignition\\Views\\Engines\\CompilerEngine->get('/Users/ktmsulai...', Array)
#12 /Users/ktmsulaim/Sites/storksolutions/@core/vendor/laravel/framework/src/Illuminate/View/View.php(126): Illuminate\\View\\View->getContents()
#13 /Users/ktmsulaim/Sites/storksolutions/@core/vendor/laravel/framework/src/Illuminate/View/View.php(91): Illuminate\\View\\View->renderContents()
#14 /Users/ktmsulaim/Sites/storksolutions/@core/resources/views/frontend/pages/404.blade.php(24): Illuminate\\View\\View->render()
#15 /Users/ktmsulaim/Sites/storksolutions/@core/vendor/laravel/framework/src/Illuminate/View/Engines/PhpEngine.php(43): include('/Users/ktmsulai...')
#16 /Users/ktmsulaim/Sites/storksolutions/@core/vendor/laravel/framework/src/Illuminate/View/Engines/CompilerEngine.php(59): Illuminate\\View\\Engines\\PhpEngine->evaluatePath('/Users/ktmsulai...', Array)
#17 /Users/ktmsulaim/Sites/storksolutions/@core/vendor/facade/ignition/src/Views/Engines/CompilerEngine.php(36): Illuminate\\View\\Engines\\CompilerEngine->get('/Users/ktmsulai...', Array)
#18 /Users/ktmsulaim/Sites/storksolutions/@core/vendor/laravel/framework/src/Illuminate/View/View.php(143): Facade\\Ignition\\Views\\Engines\\CompilerEngine->get('/Users/ktmsulai...', Array)
#19 /Users/ktmsulaim/Sites/storksolutions/@core/vendor/laravel/framework/src/Illuminate/View/View.php(126): Illuminate\\View\\View->getContents()
#20 /Users/ktmsulaim/Sites/storksolutions/@core/vendor/laravel/framework/src/Illuminate/View/View.php(91): Illuminate\\View\\View->renderContents()
#21 /Users/ktmsulaim/Sites/storksolutions/@core/vendor/laravel/framework/src/Illuminate/Http/Response.php(42): Illuminate\\View\\View->render()
#22 /Users/ktmsulaim/Sites/storksolutions/@core/vendor/symfony/http-foundation/Response.php(202): Illuminate\\Http\\Response->setContent(Object(Illuminate\\View\\View))
#23 /Users/ktmsulaim/Sites/storksolutions/@core/vendor/laravel/framework/src/Illuminate/Routing/ResponseFactory.php(55): Symfony\\Component\\HttpFoundation\\Response->__construct(Object(Illuminate\\View\\View), 200, Array)
#24 /Users/ktmsulaim/Sites/storksolutions/@core/vendor/laravel/framework/src/Illuminate/Routing/ResponseFactory.php(81): Illuminate\\Routing\\ResponseFactory->make(Object(Illuminate\\View\\View), 200, Array)
#25 /Users/ktmsulaim/Sites/storksolutions/@core/app/Exceptions/Handler.php(53): Illuminate\\Routing\\ResponseFactory->view('frontend.pages....')
#26 /Users/ktmsulaim/Sites/storksolutions/@core/vendor/laravel/framework/src/Illuminate/Routing/Pipeline.php(51): App\\Exceptions\\Handler->render(Object(Illuminate\\Http\\Request), Object(Symfony\\Component\\HttpKernel\\Exception\\NotFoundHttpException))
#27 /Users/ktmsulaim/Sites/storksolutions/@core/vendor/laravel/framework/src/Illuminate/Pipeline/Pipeline.php(132): Illuminate\\Routing\\Pipeline->handleException(Object(Illuminate\\Http\\Request), Object(Symfony\\Component\\HttpKernel\\Exception\\NotFoundHttpException))
#28 /Users/ktmsulaim/Sites/storksolutions/@core/vendor/laravel/framework/src/Illuminate/Foundation/Http/Middleware/TransformsRequest.php(21): Illuminate\\Pipeline\\Pipeline->Illuminate\\Pipeline\\{closure}(Object(Illuminate\\Http\\Request))
#29 /Users/ktmsulaim/Sites/storksolutions/@core/vendor/laravel/framework/src/Illuminate/Pipeline/Pipeline.php(171): Illuminate\\Foundation\\Http\\Middleware\\TransformsRequest->handle(Object(Illuminate\\Http\\Request), Object(Closure))
#30 /Users/ktmsulaim/Sites/storksolutions/@core/vendor/laravel/framework/src/Illuminate/Foundation/Http/Middleware/TransformsRequest.php(21): Illuminate\\Pipeline\\Pipeline->Illuminate\\Pipeline\\{closure}(Object(Illuminate\\Http\\Request))
#31 /Users/ktmsulaim/Sites/storksolutions/@core/vendor/laravel/framework/src/Illuminate/Pipeline/Pipeline.php(171): Illuminate\\Foundation\\Http\\Middleware\\TransformsRequest->handle(Object(Illuminate\\Http\\Request), Object(Closure))
#32 /Users/ktmsulaim/Sites/storksolutions/@core/vendor/laravel/framework/src/Illuminate/Foundation/Http/Middleware/ValidatePostSize.php(27): Illuminate\\Pipeline\\Pipeline->Illuminate\\Pipeline\\{closure}(Object(Illuminate\\Http\\Request))
#33 /Users/ktmsulaim/Sites/storksolutions/@core/vendor/laravel/framework/src/Illuminate/Pipeline/Pipeline.php(171): Illuminate\\Foundation\\Http\\Middleware\\ValidatePostSize->handle(Object(Illuminate\\Http\\Request), Object(Closure))
#34 /Users/ktmsulaim/Sites/storksolutions/@core/vendor/laravel/framework/src/Illuminate/Foundation/Http/Middleware/CheckForMaintenanceMode.php(62): Illuminate\\Pipeline\\Pipeline->Illuminate\\Pipeline\\{closure}(Object(Illuminate\\Http\\Request))
#35 /Users/ktmsulaim/Sites/storksolutions/@core/vendor/laravel/framework/src/Illuminate/Pipeline/Pipeline.php(171): Illuminate\\Foundation\\Http\\Middleware\\CheckForMaintenanceMode->handle(Object(Illuminate\\Http\\Request), Object(Closure))
#36 /Users/ktmsulaim/Sites/storksolutions/@core/vendor/fideloper/proxy/src/TrustProxies.php(57): Illuminate\\Pipeline\\Pipeline->Illuminate\\Pipeline\\{closure}(Object(Illuminate\\Http\\Request))
#37 /Users/ktmsulaim/Sites/storksolutions/@core/vendor/laravel/framework/src/Illuminate/Pipeline/Pipeline.php(171): Fideloper\\Proxy\\TrustProxies->handle(Object(Illuminate\\Http\\Request), Object(Closure))
#38 /Users/ktmsulaim/Sites/storksolutions/@core/vendor/laravel/framework/src/Illuminate/Pipeline/Pipeline.php(105): Illuminate\\Pipeline\\Pipeline->Illuminate\\Pipeline\\{closure}(Object(Illuminate\\Http\\Request))
#39 /Users/ktmsulaim/Sites/storksolutions/@core/vendor/laravel/framework/src/Illuminate/Foundation/Http/Kernel.php(151): Illuminate\\Pipeline\\Pipeline->then(Object(Closure))
#40 /Users/ktmsulaim/Sites/storksolutions/@core/vendor/laravel/framework/src/Illuminate/Foundation/Http/Kernel.php(116): Illuminate\\Foundation\\Http\\Kernel->sendRequestThroughRouter(Object(Illuminate\\Http\\Request))
#41 /Users/ktmsulaim/Sites/storksolutions/index.php(55): Illuminate\\Foundation\\Http\\Kernel->handle(Object(Illuminate\\Http\\Request))
#42 {main}

[previous exception] [object] (ErrorException(code: 0): Undefined variable: all_usefull_links at /Users/ktmsulaim/Sites/storksolutions/@core/storage/framework/views/c40fcf92dc9d0d3921e097602b687df9c2aa85ff.php:40)
[stacktrace]
#0 /Users/ktmsulaim/Sites/storksolutions/@core/storage/framework/views/c40fcf92dc9d0d3921e097602b687df9c2aa85ff.php(40): Illuminate\\Foundation\\Bootstrap\\HandleExceptions->handleError(8, 'Undefined varia...', '/Users/ktmsulai...', 40, Array)
#1 /Users/ktmsulaim/Sites/storksolutions/@core/vendor/laravel/framework/src/Illuminate/View/Engines/PhpEngine.php(43): include('/Users/ktmsulai...')
#2 /Users/ktmsulaim/Sites/storksolutions/@core/vendor/laravel/framework/src/Illuminate/View/Engines/CompilerEngine.php(59): Illuminate\\View\\Engines\\PhpEngine->evaluatePath('/Users/ktmsulai...', Array)
#3 /Users/ktmsulaim/Sites/storksolutions/@core/vendor/facade/ignition/src/Views/Engines/CompilerEngine.php(36): Illuminate\\View\\Engines\\CompilerEngine->get('/Users/ktmsulai...', Array)
#4 /Users/ktmsulaim/Sites/storksolutions/@core/vendor/laravel/framework/src/Illuminate/View/View.php(143): Facade\\Ignition\\Views\\Engines\\CompilerEngine->get('/Users/ktmsulai...', Array)
#5 /Users/ktmsulaim/Sites/storksolutions/@core/vendor/laravel/framework/src/Illuminate/View/View.php(126): Illuminate\\View\\View->getContents()
#6 /Users/ktmsulaim/Sites/storksolutions/@core/vendor/laravel/framework/src/Illuminate/View/View.php(91): Illuminate\\View\\View->renderContents()
#7 /Users/ktmsulaim/Sites/storksolutions/@core/storage/framework/views/513e73b9cdcd38f7addde32dd70f277062e1d292.php(26): Illuminate\\View\\View->render()
#8 /Users/ktmsulaim/Sites/storksolutions/@core/vendor/laravel/framework/src/Illuminate/View/Engines/PhpEngine.php(43): include('/Users/ktmsulai...')
#9 /Users/ktmsulaim/Sites/storksolutions/@core/vendor/laravel/framework/src/Illuminate/View/Engines/CompilerEngine.php(59): Illuminate\\View\\Engines\\PhpEngine->evaluatePath('/Users/ktmsulai...', Array)
#10 /Users/ktmsulaim/Sites/storksolutions/@core/vendor/facade/ignition/src/Views/Engines/CompilerEngine.php(36): Illuminate\\View\\Engines\\CompilerEngine->get('/Users/ktmsulai...', Array)
#11 /Users/ktmsulaim/Sites/storksolutions/@core/vendor/laravel/framework/src/Illuminate/View/View.php(143): Facade\\Ignition\\Views\\Engines\\CompilerEngine->get('/Users/ktmsulai...', Array)
#12 /Users/ktmsulaim/Sites/storksolutions/@core/vendor/laravel/framework/src/Illuminate/View/View.php(126): Illuminate\\View\\View->getContents()
#13 /Users/ktmsulaim/Sites/storksolutions/@core/vendor/laravel/framework/src/Illuminate/View/View.php(91): Illuminate\\View\\View->renderContents()
#14 /Users/ktmsulaim/Sites/storksolutions/@core/storage/framework/views/9610092555875feb7cc88d146fb750b12bdb7f64.php(24): Illuminate\\View\\View->render()
#15 /Users/ktmsulaim/Sites/storksolutions/@core/vendor/laravel/framework/src/Illuminate/View/Engines/PhpEngine.php(43): include('/Users/ktmsulai...')
#16 /Users/ktmsulaim/Sites/storksolutions/@core/vendor/laravel/framework/src/Illuminate/View/Engines/CompilerEngine.php(59): Illuminate\\View\\Engines\\PhpEngine->evaluatePath('/Users/ktmsulai...', Array)
#17 /Users/ktmsulaim/Sites/storksolutions/@core/vendor/facade/ignition/src/Views/Engines/CompilerEngine.php(36): Illuminate\\View\\Engines\\CompilerEngine->get('/Users/ktmsulai...', Array)
#18 /Users/ktmsulaim/Sites/storksolutions/@core/vendor/laravel/framework/src/Illuminate/View/View.php(143): Facade\\Ignition\\Views\\Engines\\CompilerEngine->get('/Users/ktmsulai...', Array)
#19 /Users/ktmsulaim/Sites/storksolutions/@core/vendor/laravel/framework/src/Illuminate/View/View.php(126): Illuminate\\View\\View->getContents()
#20 /Users/ktmsulaim/Sites/storksolutions/@core/vendor/laravel/framework/src/Illuminate/View/View.php(91): Illuminate\\View\\View->renderContents()
#21 /Users/ktmsulaim/Sites/storksolutions/@core/vendor/laravel/framework/src/Illuminate/Http/Response.php(42): Illuminate\\View\\View->render()
#22 /Users/ktmsulaim/Sites/storksolutions/@core/vendor/symfony/http-foundation/Response.php(202): Illuminate\\Http\\Response->setContent(Object(Illuminate\\View\\View))
#23 /Users/ktmsulaim/Sites/storksolutions/@core/vendor/laravel/framework/src/Illuminate/Routing/ResponseFactory.php(55): Symfony\\Component\\HttpFoundation\\Response->__construct(Object(Illuminate\\View\\View), 200, Array)
#24 /Users/ktmsulaim/Sites/storksolutions/@core/vendor/laravel/framework/src/Illuminate/Routing/ResponseFactory.php(81): Illuminate\\Routing\\ResponseFactory->make(Object(Illuminate\\View\\View), 200, Array)
#25 /Users/ktmsulaim/Sites/storksolutions/@core/app/Exceptions/Handler.php(53): Illuminate\\Routing\\ResponseFactory->view('frontend.pages....')
#26 /Users/ktmsulaim/Sites/storksolutions/@core/vendor/laravel/framework/src/Illuminate/Routing/Pipeline.php(51): App\\Exceptions\\Handler->render(Object(Illuminate\\Http\\Request), Object(Symfony\\Component\\HttpKernel\\Exception\\NotFoundHttpException))
#27 /Users/ktmsulaim/Sites/storksolutions/@core/vendor/laravel/framework/src/Illuminate/Pipeline/Pipeline.php(132): Illuminate\\Routing\\Pipeline->handleException(Object(Illuminate\\Http\\Request), Object(Symfony\\Component\\HttpKernel\\Exception\\NotFoundHttpException))
#28 /Users/ktmsulaim/Sites/storksolutions/@core/vendor/laravel/framework/src/Illuminate/Foundation/Http/Middleware/TransformsRequest.php(21): Illuminate\\Pipeline\\Pipeline->Illuminate\\Pipeline\\{closure}(Object(Illuminate\\Http\\Request))
#29 /Users/ktmsulaim/Sites/storksolutions/@core/vendor/laravel/framework/src/Illuminate/Pipeline/Pipeline.php(171): Illuminate\\Foundation\\Http\\Middleware\\TransformsRequest->handle(Object(Illuminate\\Http\\Request), Object(Closure))
#30 /Users/ktmsulaim/Sites/storksolutions/@core/vendor/laravel/framework/src/Illuminate/Foundation/Http/Middleware/TransformsRequest.php(21): Illuminate\\Pipeline\\Pipeline->Illuminate\\Pipeline\\{closure}(Object(Illuminate\\Http\\Request))
#31 /Users/ktmsulaim/Sites/storksolutions/@core/vendor/laravel/framework/src/Illuminate/Pipeline/Pipeline.php(171): Illuminate\\Foundation\\Http\\Middleware\\TransformsRequest->handle(Object(Illuminate\\Http\\Request), Object(Closure))
#32 /Users/ktmsulaim/Sites/storksolutions/@core/vendor/laravel/framework/src/Illuminate/Foundation/Http/Middleware/ValidatePostSize.php(27): Illuminate\\Pipeline\\Pipeline->Illuminate\\Pipeline\\{closure}(Object(Illuminate\\Http\\Request))
#33 /Users/ktmsulaim/Sites/storksolutions/@core/vendor/laravel/framework/src/Illuminate/Pipeline/Pipeline.php(171): Illuminate\\Foundation\\Http\\Middleware\\ValidatePostSize->handle(Object(Illuminate\\Http\\Request), Object(Closure))
#34 /Users/ktmsulaim/Sites/storksolutions/@core/vendor/laravel/framework/src/Illuminate/Foundation/Http/Middleware/CheckForMaintenanceMode.php(62): Illuminate\\Pipeline\\Pipeline->Illuminate\\Pipeline\\{closure}(Object(Illuminate\\Http\\Request))
#35 /Users/ktmsulaim/Sites/storksolutions/@core/vendor/laravel/framework/src/Illuminate/Pipeline/Pipeline.php(171): Illuminate\\Foundation\\Http\\Middleware\\CheckForMaintenanceMode->handle(Object(Illuminate\\Http\\Request), Object(Closure))
#36 /Users/ktmsulaim/Sites/storksolutions/@core/vendor/fideloper/proxy/src/TrustProxies.php(57): Illuminate\\Pipeline\\Pipeline->Illuminate\\Pipeline\\{closure}(Object(Illuminate\\Http\\Request))
#37 /Users/ktmsulaim/Sites/storksolutions/@core/vendor/laravel/framework/src/Illuminate/Pipeline/Pipeline.php(171): Fideloper\\Proxy\\TrustProxies->handle(Object(Illuminate\\Http\\Request), Object(Closure))
#38 /Users/ktmsulaim/Sites/storksolutions/@core/vendor/laravel/framework/src/Illuminate/Pipeline/Pipeline.php(105): Illuminate\\Pipeline\\Pipeline->Illuminate\\Pipeline\\{closure}(Object(Illuminate\\Http\\Request))
#39 /Users/ktmsulaim/Sites/storksolutions/@core/vendor/laravel/framework/src/Illuminate/Foundation/Http/Kernel.php(151): Illuminate\\Pipeline\\Pipeline->then(Object(Closure))
#40 /Users/ktmsulaim/Sites/storksolutions/@core/vendor/laravel/framework/src/Illuminate/Foundation/Http/Kernel.php(116): Illuminate\\Foundation\\Http\\Kernel->sendRequestThroughRouter(Object(Illuminate\\Http\\Request))
#41 /Users/ktmsulaim/Sites/storksolutions/index.php(55): Illuminate\\Foundation\\Http\\Kernel->handle(Object(Illuminate\\Http\\Request))
#42 {main}
"} 
